[2020-12-21 19:55:43] (ERROR @ /home/d/dmarii65/sanepid-service.rf/public_html/core/model/modx/modcachemanager.class.php : 349) Error caching lexicon topic lexicon/ru/core/resource
[2020-12-21 19:55:59] (ERROR in xPDO::getService @ /home/d/dmarii65/sanepid-service.rf/public_html/core/xpdo/xpdo.class.php : 1234) modRestClient::__construct is deprecated since version 2.3.0. Use the modRest classes instead.
[2020-12-21 19:55:59] (ERROR in modRestCurlClient::__construct @ /home/d/dmarii65/sanepid-service.rf/public_html/core/model/modx/rest/modrestcurlclient.class.php : 26) modRestClient::__construct is deprecated since version 2.3.0. Use the modRest classes instead.
[2020-12-21 19:55:59] (ERROR in xPDO::getService @ /home/d/dmarii65/sanepid-service.rf/public_html/core/xpdo/xpdo.class.php : 1234) modRestClient::__construct is deprecated since version 2.3.0. Use the modRest classes instead.
[2020-12-21 19:55:59] (ERROR in modRestCurlClient::__construct @ /home/d/dmarii65/sanepid-service.rf/public_html/core/model/modx/rest/modrestcurlclient.class.php : 26) modRestClient::__construct is deprecated since version 2.3.0. Use the modRest classes instead.
[2020-12-21 19:56:00] (ERROR in xPDO::getService @ /home/d/dmarii65/sanepid-service.rf/public_html/core/xpdo/xpdo.class.php : 1234) modRestClient::__construct is deprecated since version 2.3.0. Use the modRest classes instead.
[2020-12-21 19:56:00] (ERROR in modRestCurlClient::__construct @ /home/d/dmarii65/sanepid-service.rf/public_html/core/model/modx/rest/modrestcurlclient.class.php : 26) modRestClient::__construct is deprecated since version 2.3.0. Use the modRest classes instead.
[2020-12-21 19:56:00] (ERROR in xPDO::getService @ /home/d/dmarii65/sanepid-service.rf/public_html/core/xpdo/xpdo.class.php : 1234) modRestClient::__construct is deprecated since version 2.3.0. Use the modRest classes instead.
[2020-12-21 19:56:00] (ERROR in modRestCurlClient::__construct @ /home/d/dmarii65/sanepid-service.rf/public_html/core/model/modx/rest/modrestcurlclient.class.php : 26) modRestClient::__construct is deprecated since version 2.3.0. Use the modRest classes instead.
[2020-12-21 19:56:07] (ERROR in xPDO::getService @ /home/d/dmarii65/sanepid-service.rf/public_html/core/xpdo/xpdo.class.php : 1234) modRestClient::__construct is deprecated since version 2.3.0. Use the modRest classes instead.
[2020-12-21 19:56:07] (ERROR in modRestCurlClient::__construct @ /home/d/dmarii65/sanepid-service.rf/public_html/core/model/modx/rest/modrestcurlclient.class.php : 26) modRestClient::__construct is deprecated since version 2.3.0. Use the modRest classes instead.
[2020-12-21 19:56:09] (ERROR in xPDO::getService @ /home/d/dmarii65/sanepid-service.rf/public_html/core/xpdo/xpdo.class.php : 1234) modRestClient::__construct is deprecated since version 2.3.0. Use the modRest classes instead.
[2020-12-21 19:56:09] (ERROR in modRestCurlClient::__construct @ /home/d/dmarii65/sanepid-service.rf/public_html/core/model/modx/rest/modrestcurlclient.class.php : 26) modRestClient::__construct is deprecated since version 2.3.0. Use the modRest classes instead.
[2020-12-21 19:56:13] (ERROR in xPDO::getService @ /home/d/dmarii65/sanepid-service.rf/public_html/core/xpdo/xpdo.class.php : 1234) modRestClient::__construct is deprecated since version 2.3.0. Use the modRest classes instead.
[2020-12-21 19:56:13] (ERROR in modRestCurlClient::__construct @ /home/d/dmarii65/sanepid-service.rf/public_html/core/model/modx/rest/modrestcurlclient.class.php : 26) modRestClient::__construct is deprecated since version 2.3.0. Use the modRest classes instead.
[2020-12-21 19:56:13] (ERROR in xPDO::getService @ /home/d/dmarii65/sanepid-service.rf/public_html/core/xpdo/xpdo.class.php : 1234) modRestClient::__construct is deprecated since version 2.3.0. Use the modRest classes instead.
[2020-12-21 19:56:13] (ERROR in modRestCurlClient::__construct @ /home/d/dmarii65/sanepid-service.rf/public_html/core/model/modx/rest/modrestcurlclient.class.php : 26) modRestClient::__construct is deprecated since version 2.3.0. Use the modRest classes instead.
[2020-12-21 19:56:25] (ERROR in xPDO::getService @ /home/d/dmarii65/sanepid-service.rf/public_html/core/xpdo/xpdo.class.php : 1234) modRestClient::__construct is deprecated since version 2.3.0. Use the modRest classes instead.
[2020-12-21 19:56:25] (ERROR in modRestCurlClient::__construct @ /home/d/dmarii65/sanepid-service.rf/public_html/core/model/modx/rest/modrestcurlclient.class.php : 26) modRestClient::__construct is deprecated since version 2.3.0. Use the modRest classes instead.
[2020-12-21 19:56:30] (ERROR in xPDO::getService @ /home/d/dmarii65/sanepid-service.rf/public_html/core/xpdo/xpdo.class.php : 1234) modRestClient::__construct is deprecated since version 2.3.0. Use the modRest classes instead.
[2020-12-21 19:56:30] (ERROR in modRestCurlClient::__construct @ /home/d/dmarii65/sanepid-service.rf/public_html/core/model/modx/rest/modrestcurlclient.class.php : 26) modRestClient::__construct is deprecated since version 2.3.0. Use the modRest classes instead.
[2020-12-21 19:56:33] (ERROR in xPDO::getService @ /home/d/dmarii65/sanepid-service.rf/public_html/core/xpdo/xpdo.class.php : 1234) modRestClient::__construct is deprecated since version 2.3.0. Use the modRest classes instead.
[2020-12-21 19:56:33] (ERROR in modRestCurlClient::__construct @ /home/d/dmarii65/sanepid-service.rf/public_html/core/model/modx/rest/modrestcurlclient.class.php : 26) modRestClient::__construct is deprecated since version 2.3.0. Use the modRest classes instead.
[2020-12-21 19:56:33] (ERROR in xPDO::getService @ /home/d/dmarii65/sanepid-service.rf/public_html/core/xpdo/xpdo.class.php : 1234) modRestClient::__construct is deprecated since version 2.3.0. Use the modRest classes instead.
[2020-12-21 19:56:33] (ERROR in modRestCurlClient::__construct @ /home/d/dmarii65/sanepid-service.rf/public_html/core/model/modx/rest/modrestcurlclient.class.php : 26) modRestClient::__construct is deprecated since version 2.3.0. Use the modRest classes instead.
[2020-12-21 19:56:46] (ERROR in xPDO::getService @ /home/d/dmarii65/sanepid-service.rf/public_html/core/xpdo/xpdo.class.php : 1234) modRestClient::__construct is deprecated since version 2.3.0. Use the modRest classes instead.
[2020-12-21 19:56:46] (ERROR in modRestCurlClient::__construct @ /home/d/dmarii65/sanepid-service.rf/public_html/core/model/modx/rest/modrestcurlclient.class.php : 26) modRestClient::__construct is deprecated since version 2.3.0. Use the modRest classes instead.
[2020-12-21 19:56:50] (ERROR in xPDO::getService @ /home/d/dmarii65/sanepid-service.rf/public_html/core/xpdo/xpdo.class.php : 1234) modRestClient::__construct is deprecated since version 2.3.0. Use the modRest classes instead.
[2020-12-21 19:56:50] (ERROR in modRestCurlClient::__construct @ /home/d/dmarii65/sanepid-service.rf/public_html/core/model/modx/rest/modrestcurlclient.class.php : 26) modRestClient::__construct is deprecated since version 2.3.0. Use the modRest classes instead.
[2020-12-21 19:56:53] (ERROR in xPDO::getService @ /home/d/dmarii65/sanepid-service.rf/public_html/core/xpdo/xpdo.class.php : 1234) modRestClient::__construct is deprecated since version 2.3.0. Use the modRest classes instead.
[2020-12-21 19:56:53] (ERROR in modRestCurlClient::__construct @ /home/d/dmarii65/sanepid-service.rf/public_html/core/model/modx/rest/modrestcurlclient.class.php : 26) modRestClient::__construct is deprecated since version 2.3.0. Use the modRest classes instead.
[2020-12-21 19:56:53] (ERROR in xPDO::getService @ /home/d/dmarii65/sanepid-service.rf/public_html/core/xpdo/xpdo.class.php : 1234) modRestClient::__construct is deprecated since version 2.3.0. Use the modRest classes instead.
[2020-12-21 19:56:53] (ERROR in modRestCurlClient::__construct @ /home/d/dmarii65/sanepid-service.rf/public_html/core/model/modx/rest/modrestcurlclient.class.php : 26) modRestClient::__construct is deprecated since version 2.3.0. Use the modRest classes instead.
[2020-12-21 19:57:03] (ERROR in xPDO::getService @ /home/d/dmarii65/sanepid-service.rf/public_html/core/xpdo/xpdo.class.php : 1234) modRestClient::__construct is deprecated since version 2.3.0. Use the modRest classes instead.
[2020-12-21 19:57:03] (ERROR in modRestCurlClient::__construct @ /home/d/dmarii65/sanepid-service.rf/public_html/core/model/modx/rest/modrestcurlclient.class.php : 26) modRestClient::__construct is deprecated since version 2.3.0. Use the modRest classes instead.
[2020-12-21 19:57:11] (ERROR in xPDO::getService @ /home/d/dmarii65/sanepid-service.rf/public_html/core/xpdo/xpdo.class.php : 1234) modRestClient::__construct is deprecated since version 2.3.0. Use the modRest classes instead.
[2020-12-21 19:57:11] (ERROR in modRestCurlClient::__construct @ /home/d/dmarii65/sanepid-service.rf/public_html/core/model/modx/rest/modrestcurlclient.class.php : 26) modRestClient::__construct is deprecated since version 2.3.0. Use the modRest classes instead.
[2020-12-21 19:57:15] (ERROR in xPDO::getService @ /home/d/dmarii65/sanepid-service.rf/public_html/core/xpdo/xpdo.class.php : 1234) modRestClient::__construct is deprecated since version 2.3.0. Use the modRest classes instead.
[2020-12-21 19:57:15] (ERROR in modRestCurlClient::__construct @ /home/d/dmarii65/sanepid-service.rf/public_html/core/model/modx/rest/modrestcurlclient.class.php : 26) modRestClient::__construct is deprecated since version 2.3.0. Use the modRest classes instead.
[2020-12-21 19:57:18] (ERROR in xPDO::getService @ /home/d/dmarii65/sanepid-service.rf/public_html/core/xpdo/xpdo.class.php : 1234) modRestClient::__construct is deprecated since version 2.3.0. Use the modRest classes instead.
[2020-12-21 19:57:18] (ERROR in modRestCurlClient::__construct @ /home/d/dmarii65/sanepid-service.rf/public_html/core/model/modx/rest/modrestcurlclient.class.php : 26) modRestClient::__construct is deprecated since version 2.3.0. Use the modRest classes instead.
[2020-12-21 19:57:18] (ERROR in xPDO::getService @ /home/d/dmarii65/sanepid-service.rf/public_html/core/xpdo/xpdo.class.php : 1234) modRestClient::__construct is deprecated since version 2.3.0. Use the modRest classes instead.
[2020-12-21 19:57:18] (ERROR in modRestCurlClient::__construct @ /home/d/dmarii65/sanepid-service.rf/public_html/core/model/modx/rest/modrestcurlclient.class.php : 26) modRestClient::__construct is deprecated since version 2.3.0. Use the modRest classes instead.
[2020-12-21 19:58:01] (ERROR @ /home/d/dmarii65/sanepid-service.rf/public_html/core/xpdo/xpdo.class.php : 644) Could not load class: modTransliterate from translit.modtransliterate.
[2020-12-21 19:58:01] (ERROR @ /home/d/dmarii65/sanepid-service.rf/public_html/core/xpdo/xpdo.class.php : 1247) Problem getting service translit, instance of class translit.modTransliterate, from path /home/d/dmarii65/sanepid-service.rf/public_html/core/components/
[2020-12-21 19:58:08] (ERROR @ /home/d/dmarii65/sanepid-service.rf/public_html/core/xpdo/xpdo.class.php : 644) Could not load class: modTransliterate from translit.modtransliterate.
[2020-12-21 19:58:08] (ERROR @ /home/d/dmarii65/sanepid-service.rf/public_html/core/xpdo/xpdo.class.php : 1247) Problem getting service translit, instance of class translit.modTransliterate, from path /home/d/dmarii65/sanepid-service.rf/public_html/core/components/
[2020-12-21 19:59:24] (ERROR in xPDO::getService @ /home/d/dmarii65/sanepid-service.rf/public_html/core/xpdo/xpdo.class.php : 1234) modRestClient::__construct is deprecated since version 2.3.0. Use the modRest classes instead.
[2020-12-21 19:59:24] (ERROR in modRestCurlClient::__construct @ /home/d/dmarii65/sanepid-service.rf/public_html/core/model/modx/rest/modrestcurlclient.class.php : 26) modRestClient::__construct is deprecated since version 2.3.0. Use the modRest classes instead.
[2020-12-21 19:59:24] (ERROR in xPDO::getService @ /home/d/dmarii65/sanepid-service.rf/public_html/core/xpdo/xpdo.class.php : 1234) modRestClient::__construct is deprecated since version 2.3.0. Use the modRest classes instead.
[2020-12-21 19:59:24] (ERROR in modRestCurlClient::__construct @ /home/d/dmarii65/sanepid-service.rf/public_html/core/model/modx/rest/modrestcurlclient.class.php : 26) modRestClient::__construct is deprecated since version 2.3.0. Use the modRest classes instead.
[2020-12-21 19:59:29] (ERROR in xPDO::getService @ /home/d/dmarii65/sanepid-service.rf/public_html/core/xpdo/xpdo.class.php : 1234) modRestClient::__construct is deprecated since version 2.3.0. Use the modRest classes instead.
[2020-12-21 19:59:29] (ERROR in modRestCurlClient::__construct @ /home/d/dmarii65/sanepid-service.rf/public_html/core/model/modx/rest/modrestcurlclient.class.php : 26) modRestClient::__construct is deprecated since version 2.3.0. Use the modRest classes instead.
[2020-12-21 19:59:36] (ERROR in xPDO::getService @ /home/d/dmarii65/sanepid-service.rf/public_html/core/xpdo/xpdo.class.php : 1234) modRestClient::__construct is deprecated since version 2.3.0. Use the modRest classes instead.
[2020-12-21 19:59:36] (ERROR in modRestCurlClient::__construct @ /home/d/dmarii65/sanepid-service.rf/public_html/core/model/modx/rest/modrestcurlclient.class.php : 26) modRestClient::__construct is deprecated since version 2.3.0. Use the modRest classes instead.
[2020-12-21 19:59:43] (ERROR in xPDO::getService @ /home/d/dmarii65/sanepid-service.rf/public_html/core/xpdo/xpdo.class.php : 1234) modRestClient::__construct is deprecated since version 2.3.0. Use the modRest classes instead.
[2020-12-21 19:59:43] (ERROR in modRestCurlClient::__construct @ /home/d/dmarii65/sanepid-service.rf/public_html/core/model/modx/rest/modrestcurlclient.class.php : 26) modRestClient::__construct is deprecated since version 2.3.0. Use the modRest classes instead.
[2020-12-21 19:59:51] (ERROR in xPDO::getService @ /home/d/dmarii65/sanepid-service.rf/public_html/core/xpdo/xpdo.class.php : 1234) modRestClient::__construct is deprecated since version 2.3.0. Use the modRest classes instead.
[2020-12-21 19:59:51] (ERROR in modRestCurlClient::__construct @ /home/d/dmarii65/sanepid-service.rf/public_html/core/model/modx/rest/modrestcurlclient.class.php : 26) modRestClient::__construct is deprecated since version 2.3.0. Use the modRest classes instead.
[2020-12-21 20:01:52] (ERROR in xPDO::getService @ /home/d/dmarii65/sanepid-service.rf/public_html/core/xpdo/xpdo.class.php : 1234) modRestClient::__construct is deprecated since version 2.3.0. Use the modRest classes instead.
[2020-12-21 20:01:52] (ERROR in modRestCurlClient::__construct @ /home/d/dmarii65/sanepid-service.rf/public_html/core/model/modx/rest/modrestcurlclient.class.php : 26) modRestClient::__construct is deprecated since version 2.3.0. Use the modRest classes instead.
[2020-12-21 20:01:52] (ERROR in xPDO::getService @ /home/d/dmarii65/sanepid-service.rf/public_html/core/xpdo/xpdo.class.php : 1234) modRestClient::__construct is deprecated since version 2.3.0. Use the modRest classes instead.
[2020-12-21 20:01:52] (ERROR in modRestCurlClient::__construct @ /home/d/dmarii65/sanepid-service.rf/public_html/core/model/modx/rest/modrestcurlclient.class.php : 26) modRestClient::__construct is deprecated since version 2.3.0. Use the modRest classes instead.
[2020-12-21 20:01:54] (ERROR in xPDO::getService @ /home/d/dmarii65/sanepid-service.rf/public_html/core/xpdo/xpdo.class.php : 1234) modRestClient::__construct is deprecated since version 2.3.0. Use the modRest classes instead.
[2020-12-21 20:01:54] (ERROR in modRestCurlClient::__construct @ /home/d/dmarii65/sanepid-service.rf/public_html/core/model/modx/rest/modrestcurlclient.class.php : 26) modRestClient::__construct is deprecated since version 2.3.0. Use the modRest classes instead.
[2020-12-21 20:01:54] (ERROR in xPDO::getService @ /home/d/dmarii65/sanepid-service.rf/public_html/core/xpdo/xpdo.class.php : 1234) modRestClient::__construct is deprecated since version 2.3.0. Use the modRest classes instead.
[2020-12-21 20:01:54] (ERROR in modRestCurlClient::__construct @ /home/d/dmarii65/sanepid-service.rf/public_html/core/model/modx/rest/modrestcurlclient.class.php : 26) modRestClient::__construct is deprecated since version 2.3.0. Use the modRest classes instead.
[2020-12-21 20:02:01] (ERROR in xPDO::getService @ /home/d/dmarii65/sanepid-service.rf/public_html/core/xpdo/xpdo.class.php : 1234) modRestClient::__construct is deprecated since version 2.3.0. Use the modRest classes instead.
[2020-12-21 20:02:01] (ERROR in modRestCurlClient::__construct @ /home/d/dmarii65/sanepid-service.rf/public_html/core/model/modx/rest/modrestcurlclient.class.php : 26) modRestClient::__construct is deprecated since version 2.3.0. Use the modRest classes instead.
[2020-12-21 20:02:05] (ERROR in xPDO::getService @ /home/d/dmarii65/sanepid-service.rf/public_html/core/xpdo/xpdo.class.php : 1234) modRestClient::__construct is deprecated since version 2.3.0. Use the modRest classes instead.
[2020-12-21 20:02:05] (ERROR in modRestCurlClient::__construct @ /home/d/dmarii65/sanepid-service.rf/public_html/core/model/modx/rest/modrestcurlclient.class.php : 26) modRestClient::__construct is deprecated since version 2.3.0. Use the modRest classes instead.
[2020-12-21 20:02:09] (ERROR in xPDO::getService @ /home/d/dmarii65/sanepid-service.rf/public_html/core/xpdo/xpdo.class.php : 1234) modRestClient::__construct is deprecated since version 2.3.0. Use the modRest classes instead.
[2020-12-21 20:02:09] (ERROR in modRestCurlClient::__construct @ /home/d/dmarii65/sanepid-service.rf/public_html/core/model/modx/rest/modrestcurlclient.class.php : 26) modRestClient::__construct is deprecated since version 2.3.0. Use the modRest classes instead.
[2020-12-21 20:02:09] (ERROR in xPDO::getService @ /home/d/dmarii65/sanepid-service.rf/public_html/core/xpdo/xpdo.class.php : 1234) modRestClient::__construct is deprecated since version 2.3.0. Use the modRest classes instead.
[2020-12-21 20:02:09] (ERROR in modRestCurlClient::__construct @ /home/d/dmarii65/sanepid-service.rf/public_html/core/model/modx/rest/modrestcurlclient.class.php : 26) modRestClient::__construct is deprecated since version 2.3.0. Use the modRest classes instead.
[2020-12-21 20:03:30] (ERROR in xPDO::getService @ /home/d/dmarii65/sanepid-service.rf/public_html/core/xpdo/xpdo.class.php : 1234) modRestClient::__construct is deprecated since version 2.3.0. Use the modRest classes instead.
[2020-12-21 20:03:30] (ERROR in modRestCurlClient::__construct @ /home/d/dmarii65/sanepid-service.rf/public_html/core/model/modx/rest/modrestcurlclient.class.php : 26) modRestClient::__construct is deprecated since version 2.3.0. Use the modRest classes instead.
[2020-12-21 20:03:42] (ERROR @ /home/d/dmarii65/sanepid-service.rf/public_html/core/model/modx/modcachemanager.class.php : 349) Error caching lexicon topic lexicon/ru/core/resource
[2020-12-21 20:08:36] (ERROR @ /home/d/dmarii65/sanepid-service.rf/public_html/core/model/modx/modcachemanager.class.php : 349) Error caching lexicon topic lexicon/ru/core/element
[2020-12-23 16:08:57] (ERROR @ /home/d/dmarii65/sanepid-service.rf/public_html/core/xpdo/om/xpdoquery.class.php : 702) Error parsing condition with key 0: group
[2020-12-23 16:08:57] (ERROR @ /home/d/dmarii65/sanepid-service.rf/public_html/core/xpdo/om/xpdoquery.class.php : 702) Error parsing condition with key 1: 5
[2020-12-23 16:09:37] (ERROR @ /home/d/dmarii65/sanepid-service.rf/public_html/core/xpdo/om/xpdoquery.class.php : 702) Error parsing condition with key 0: group
[2020-12-23 16:09:37] (ERROR @ /home/d/dmarii65/sanepid-service.rf/public_html/core/xpdo/om/xpdoquery.class.php : 702) Error parsing condition with key 1: 5
[2020-12-23 16:11:16] (ERROR @ /home/d/dmarii65/sanepid-service.rf/public_html/core/xpdo/om/xpdoquery.class.php : 702) Error parsing condition with key 0: group
[2020-12-23 16:11:16] (ERROR @ /home/d/dmarii65/sanepid-service.rf/public_html/core/xpdo/om/xpdoquery.class.php : 702) Error parsing condition with key 1: 5
[2020-12-23 16:12:13] (ERROR @ /home/d/dmarii65/sanepid-service.rf/public_html/core/xpdo/om/xpdoquery.class.php : 702) Error parsing condition with key 0: group
[2020-12-23 16:12:13] (ERROR @ /home/d/dmarii65/sanepid-service.rf/public_html/core/xpdo/om/xpdoquery.class.php : 702) Error parsing condition with key 1: 5
[2020-12-23 16:32:15] (ERROR @ /home/d/dmarii65/sanepid-service.rf/public_html/core/model/modx/modparser.class.php : 541) Could not find snippet with name AjaxForm.
[2020-12-23 16:32:15] (ERROR @ /home/d/dmarii65/sanepid-service.rf/public_html/core/model/modx/modparser.class.php : 541) Could not find snippet with name AjaxForm.
[2020-12-23 16:32:15] (ERROR @ /home/d/dmarii65/sanepid-service.rf/public_html/core/model/modx/modparser.class.php : 541) Could not find snippet with name AjaxForm.
[2020-12-23 16:32:39] (ERROR in xPDO::getService @ /home/d/dmarii65/sanepid-service.rf/public_html/core/xpdo/xpdo.class.php : 1234) modRestClient::__construct is deprecated since version 2.3.0. Use the modRest classes instead.
[2020-12-23 16:32:39] (ERROR in modRestCurlClient::__construct @ /home/d/dmarii65/sanepid-service.rf/public_html/core/model/modx/rest/modrestcurlclient.class.php : 26) modRestClient::__construct is deprecated since version 2.3.0. Use the modRest classes instead.
[2020-12-23 16:32:39] (ERROR in xPDO::getService @ /home/d/dmarii65/sanepid-service.rf/public_html/core/xpdo/xpdo.class.php : 1234) modRestClient::__construct is deprecated since version 2.3.0. Use the modRest classes instead.
[2020-12-23 16:32:39] (ERROR in modRestCurlClient::__construct @ /home/d/dmarii65/sanepid-service.rf/public_html/core/model/modx/rest/modrestcurlclient.class.php : 26) modRestClient::__construct is deprecated since version 2.3.0. Use the modRest classes instead.
[2020-12-23 16:32:39] (ERROR in xPDO::getService @ /home/d/dmarii65/sanepid-service.rf/public_html/core/xpdo/xpdo.class.php : 1234) modRestClient::__construct is deprecated since version 2.3.0. Use the modRest classes instead.
[2020-12-23 16:32:39] (ERROR in modRestCurlClient::__construct @ /home/d/dmarii65/sanepid-service.rf/public_html/core/model/modx/rest/modrestcurlclient.class.php : 26) modRestClient::__construct is deprecated since version 2.3.0. Use the modRest classes instead.
[2020-12-23 16:32:46] (ERROR in xPDO::getService @ /home/d/dmarii65/sanepid-service.rf/public_html/core/xpdo/xpdo.class.php : 1234) modRestClient::__construct is deprecated since version 2.3.0. Use the modRest classes instead.
[2020-12-23 16:32:46] (ERROR in modRestCurlClient::__construct @ /home/d/dmarii65/sanepid-service.rf/public_html/core/model/modx/rest/modrestcurlclient.class.php : 26) modRestClient::__construct is deprecated since version 2.3.0. Use the modRest classes instead.
[2020-12-23 16:32:46] (ERROR in xPDO::getService @ /home/d/dmarii65/sanepid-service.rf/public_html/core/xpdo/xpdo.class.php : 1234) modRestClient::__construct is deprecated since version 2.3.0. Use the modRest classes instead.
[2020-12-23 16:32:46] (ERROR in modRestCurlClient::__construct @ /home/d/dmarii65/sanepid-service.rf/public_html/core/model/modx/rest/modrestcurlclient.class.php : 26) modRestClient::__construct is deprecated since version 2.3.0. Use the modRest classes instead.
[2020-12-23 16:32:59] (ERROR in xPDO::getService @ /home/d/dmarii65/sanepid-service.rf/public_html/core/xpdo/xpdo.class.php : 1234) modRestClient::__construct is deprecated since version 2.3.0. Use the modRest classes instead.
[2020-12-23 16:32:59] (ERROR in modRestCurlClient::__construct @ /home/d/dmarii65/sanepid-service.rf/public_html/core/model/modx/rest/modrestcurlclient.class.php : 26) modRestClient::__construct is deprecated since version 2.3.0. Use the modRest classes instead.
[2020-12-23 16:33:07] (ERROR in xPDO::getService @ /home/d/dmarii65/sanepid-service.rf/public_html/core/xpdo/xpdo.class.php : 1234) modRestClient::__construct is deprecated since version 2.3.0. Use the modRest classes instead.
[2020-12-23 16:33:07] (ERROR in modRestCurlClient::__construct @ /home/d/dmarii65/sanepid-service.rf/public_html/core/model/modx/rest/modrestcurlclient.class.php : 26) modRestClient::__construct is deprecated since version 2.3.0. Use the modRest classes instead.
[2020-12-23 16:33:11] (ERROR in xPDO::getService @ /home/d/dmarii65/sanepid-service.rf/public_html/core/xpdo/xpdo.class.php : 1234) modRestClient::__construct is deprecated since version 2.3.0. Use the modRest classes instead.
[2020-12-23 16:33:11] (ERROR in modRestCurlClient::__construct @ /home/d/dmarii65/sanepid-service.rf/public_html/core/model/modx/rest/modrestcurlclient.class.php : 26) modRestClient::__construct is deprecated since version 2.3.0. Use the modRest classes instead.
[2020-12-23 16:33:11] (ERROR in xPDO::getService @ /home/d/dmarii65/sanepid-service.rf/public_html/core/xpdo/xpdo.class.php : 1234) modRestClient::__construct is deprecated since version 2.3.0. Use the modRest classes instead.
[2020-12-23 16:33:11] (ERROR in modRestCurlClient::__construct @ /home/d/dmarii65/sanepid-service.rf/public_html/core/model/modx/rest/modrestcurlclient.class.php : 26) modRestClient::__construct is deprecated since version 2.3.0. Use the modRest classes instead.
[2020-12-23 16:33:23] (ERROR in xPDO::getService @ /home/d/dmarii65/sanepid-service.rf/public_html/core/xpdo/xpdo.class.php : 1234) modRestClient::__construct is deprecated since version 2.3.0. Use the modRest classes instead.
[2020-12-23 16:33:23] (ERROR in modRestCurlClient::__construct @ /home/d/dmarii65/sanepid-service.rf/public_html/core/model/modx/rest/modrestcurlclient.class.php : 26) modRestClient::__construct is deprecated since version 2.3.0. Use the modRest classes instead.
[2020-12-23 16:33:28] (ERROR in xPDO::getService @ /home/d/dmarii65/sanepid-service.rf/public_html/core/xpdo/xpdo.class.php : 1234) modRestClient::__construct is deprecated since version 2.3.0. Use the modRest classes instead.
[2020-12-23 16:33:28] (ERROR in modRestCurlClient::__construct @ /home/d/dmarii65/sanepid-service.rf/public_html/core/model/modx/rest/modrestcurlclient.class.php : 26) modRestClient::__construct is deprecated since version 2.3.0. Use the modRest classes instead.
[2020-12-23 16:33:31] (ERROR in xPDO::getService @ /home/d/dmarii65/sanepid-service.rf/public_html/core/xpdo/xpdo.class.php : 1234) modRestClient::__construct is deprecated since version 2.3.0. Use the modRest classes instead.
[2020-12-23 16:33:31] (ERROR in modRestCurlClient::__construct @ /home/d/dmarii65/sanepid-service.rf/public_html/core/model/modx/rest/modrestcurlclient.class.php : 26) modRestClient::__construct is deprecated since version 2.3.0. Use the modRest classes instead.
[2020-12-23 16:33:31] (ERROR in xPDO::getService @ /home/d/dmarii65/sanepid-service.rf/public_html/core/xpdo/xpdo.class.php : 1234) modRestClient::__construct is deprecated since version 2.3.0. Use the modRest classes instead.
[2020-12-23 16:33:31] (ERROR in modRestCurlClient::__construct @ /home/d/dmarii65/sanepid-service.rf/public_html/core/model/modx/rest/modrestcurlclient.class.php : 26) modRestClient::__construct is deprecated since version 2.3.0. Use the modRest classes instead.
[2020-12-23 16:33:49] (ERROR in xPDO::getService @ /home/d/dmarii65/sanepid-service.rf/public_html/core/xpdo/xpdo.class.php : 1234) modRestClient::__construct is deprecated since version 2.3.0. Use the modRest classes instead.
[2020-12-23 16:33:49] (ERROR in modRestCurlClient::__construct @ /home/d/dmarii65/sanepid-service.rf/public_html/core/model/modx/rest/modrestcurlclient.class.php : 26) modRestClient::__construct is deprecated since version 2.3.0. Use the modRest classes instead.
[2020-12-23 16:34:06] (ERROR in xPDO::getService @ /home/d/dmarii65/sanepid-service.rf/public_html/core/xpdo/xpdo.class.php : 1234) modRestClient::__construct is deprecated since version 2.3.0. Use the modRest classes instead.
[2020-12-23 16:34:06] (ERROR in modRestCurlClient::__construct @ /home/d/dmarii65/sanepid-service.rf/public_html/core/model/modx/rest/modrestcurlclient.class.php : 26) modRestClient::__construct is deprecated since version 2.3.0. Use the modRest classes instead.
[2020-12-23 17:05:11] (ERROR in xPDO::getService @ /home/d/dmarii65/sanepid-service.rf/public_html/core/xpdo/xpdo.class.php : 1234) modRestClient::__construct is deprecated since version 2.3.0. Use the modRest classes instead.
[2020-12-23 17:05:11] (ERROR in modRestCurlClient::__construct @ /home/d/dmarii65/sanepid-service.rf/public_html/core/model/modx/rest/modrestcurlclient.class.php : 26) modRestClient::__construct is deprecated since version 2.3.0. Use the modRest classes instead.
[2020-12-23 17:05:11] (ERROR in xPDO::getService @ /home/d/dmarii65/sanepid-service.rf/public_html/core/xpdo/xpdo.class.php : 1234) modRestClient::__construct is deprecated since version 2.3.0. Use the modRest classes instead.
[2020-12-23 17:05:11] (ERROR in modRestCurlClient::__construct @ /home/d/dmarii65/sanepid-service.rf/public_html/core/model/modx/rest/modrestcurlclient.class.php : 26) modRestClient::__construct is deprecated since version 2.3.0. Use the modRest classes instead.
[2020-12-23 17:05:11] (ERROR in xPDO::getService @ /home/d/dmarii65/sanepid-service.rf/public_html/core/xpdo/xpdo.class.php : 1234) modRestClient::__construct is deprecated since version 2.3.0. Use the modRest classes instead.
[2020-12-23 17:05:11] (ERROR in modRestCurlClient::__construct @ /home/d/dmarii65/sanepid-service.rf/public_html/core/model/modx/rest/modrestcurlclient.class.php : 26) modRestClient::__construct is deprecated since version 2.3.0. Use the modRest classes instead.
[2020-12-23 17:05:13] (ERROR in xPDO::getService @ /home/d/dmarii65/sanepid-service.rf/public_html/core/xpdo/xpdo.class.php : 1234) modRestClient::__construct is deprecated since version 2.3.0. Use the modRest classes instead.
[2020-12-23 17:05:13] (ERROR in modRestCurlClient::__construct @ /home/d/dmarii65/sanepid-service.rf/public_html/core/model/modx/rest/modrestcurlclient.class.php : 26) modRestClient::__construct is deprecated since version 2.3.0. Use the modRest classes instead.
[2020-12-23 17:05:13] (ERROR in xPDO::getService @ /home/d/dmarii65/sanepid-service.rf/public_html/core/xpdo/xpdo.class.php : 1234) modRestClient::__construct is deprecated since version 2.3.0. Use the modRest classes instead.
[2020-12-23 17:05:13] (ERROR in modRestCurlClient::__construct @ /home/d/dmarii65/sanepid-service.rf/public_html/core/model/modx/rest/modrestcurlclient.class.php : 26) modRestClient::__construct is deprecated since version 2.3.0. Use the modRest classes instead.
[2020-12-23 17:05:17] (ERROR in xPDO::getService @ /home/d/dmarii65/sanepid-service.rf/public_html/core/xpdo/xpdo.class.php : 1234) modRestClient::__construct is deprecated since version 2.3.0. Use the modRest classes instead.
[2020-12-23 17:05:17] (ERROR in modRestCurlClient::__construct @ /home/d/dmarii65/sanepid-service.rf/public_html/core/model/modx/rest/modrestcurlclient.class.php : 26) modRestClient::__construct is deprecated since version 2.3.0. Use the modRest classes instead.
[2020-12-23 17:05:20] (ERROR in xPDO::getService @ /home/d/dmarii65/sanepid-service.rf/public_html/core/xpdo/xpdo.class.php : 1234) modRestClient::__construct is deprecated since version 2.3.0. Use the modRest classes instead.
[2020-12-23 17:05:20] (ERROR in modRestCurlClient::__construct @ /home/d/dmarii65/sanepid-service.rf/public_html/core/model/modx/rest/modrestcurlclient.class.php : 26) modRestClient::__construct is deprecated since version 2.3.0. Use the modRest classes instead.
[2020-12-23 17:05:24] (ERROR in xPDO::getService @ /home/d/dmarii65/sanepid-service.rf/public_html/core/xpdo/xpdo.class.php : 1234) modRestClient::__construct is deprecated since version 2.3.0. Use the modRest classes instead.
[2020-12-23 17:05:24] (ERROR in modRestCurlClient::__construct @ /home/d/dmarii65/sanepid-service.rf/public_html/core/model/modx/rest/modrestcurlclient.class.php : 26) modRestClient::__construct is deprecated since version 2.3.0. Use the modRest classes instead.
[2020-12-23 17:05:24] (ERROR in xPDO::getService @ /home/d/dmarii65/sanepid-service.rf/public_html/core/xpdo/xpdo.class.php : 1234) modRestClient::__construct is deprecated since version 2.3.0. Use the modRest classes instead.
[2020-12-23 17:05:24] (ERROR in modRestCurlClient::__construct @ /home/d/dmarii65/sanepid-service.rf/public_html/core/model/modx/rest/modrestcurlclient.class.php : 26) modRestClient::__construct is deprecated since version 2.3.0. Use the modRest classes instead.
[2020-12-23 17:05:37] (ERROR in xPDO::getService @ /home/d/dmarii65/sanepid-service.rf/public_html/core/xpdo/xpdo.class.php : 1234) modRestClient::__construct is deprecated since version 2.3.0. Use the modRest classes instead.
[2020-12-23 17:05:37] (ERROR in modRestCurlClient::__construct @ /home/d/dmarii65/sanepid-service.rf/public_html/core/model/modx/rest/modrestcurlclient.class.php : 26) modRestClient::__construct is deprecated since version 2.3.0. Use the modRest classes instead.
[2020-12-23 17:06:57] (ERROR in modProcessor::run @ /home/d/dmarii65/sanepid-service.rf/public_html/core/model/modx/modprocessor.class.php : 177) Flat file processor support, used for action mgr/migxdb/getList with path /home/d/dmarii65/sanepid-service.rf/public_html/core/components/migx/processors/mgr/migxdb/getlist.php, is deprecated since version 2.7.0. 
[2020-12-23 17:07:05] (ERROR in modProcessor::run @ /home/d/dmarii65/sanepid-service.rf/public_html/core/model/modx/modprocessor.class.php : 177) Flat file processor support, used for action mgr/migxdb/process with path /home/d/dmarii65/sanepid-service.rf/public_html/core/components/migx/processors/mgr/migxdb/process.php, is deprecated since version 2.7.0. 
[2020-12-23 17:07:21] (ERROR in modProcessor::run @ /home/d/dmarii65/sanepid-service.rf/public_html/core/model/modx/modprocessor.class.php : 177) Flat file processor support, used for action mgr/migxdb/update with path /home/d/dmarii65/sanepid-service.rf/public_html/core/components/migx/processors/mgr/migxdb/update.php, is deprecated since version 2.7.0. 
[2020-12-23 17:07:21] (ERROR @ /home/d/dmarii65/sanepid-service.rf/public_html/core/components/migx/processors/mgr/migxconfigs/update.php : 406) modCacheManager::clearCache is deprecated since version 2.1.0. Use modCacheManager::refresh() instead.
[2020-12-23 17:07:21] (ERROR in modProcessor::run @ /home/d/dmarii65/sanepid-service.rf/public_html/core/model/modx/modprocessor.class.php : 177) Flat file processor support, used for action mgr/migxdb/getList with path /home/d/dmarii65/sanepid-service.rf/public_html/core/components/migx/processors/mgr/migxdb/getlist.php, is deprecated since version 2.7.0. 
[2020-12-23 17:10:59] (ERROR in modProcessor::run @ /home/d/dmarii65/sanepid-service.rf/public_html/core/model/modx/modprocessor.class.php : 177) Flat file processor support, used for action mgr/migxdb/getList with path /home/d/dmarii65/sanepid-service.rf/public_html/core/components/migx/processors/mgr/migxdb/getlist.php, is deprecated since version 2.7.0. 
[2020-12-23 17:11:01] (ERROR in modProcessor::run @ /home/d/dmarii65/sanepid-service.rf/public_html/core/model/modx/modprocessor.class.php : 177) Flat file processor support, used for action mgr/migxdb/process with path /home/d/dmarii65/sanepid-service.rf/public_html/core/components/migx/processors/mgr/migxdb/process.php, is deprecated since version 2.7.0. 
[2020-12-23 17:16:43] (ERROR in modProcessor::run @ /home/d/dmarii65/sanepid-service.rf/public_html/core/model/modx/modprocessor.class.php : 177) Flat file processor support, used for action mgr/migxdb/update with path /home/d/dmarii65/sanepid-service.rf/public_html/core/components/migx/processors/mgr/migxdb/update.php, is deprecated since version 2.7.0. 
[2020-12-23 17:16:43] (ERROR @ /home/d/dmarii65/sanepid-service.rf/public_html/core/components/migx/processors/mgr/migxconfigs/update.php : 406) modCacheManager::clearCache is deprecated since version 2.1.0. Use modCacheManager::refresh() instead.
[2020-12-23 17:16:44] (ERROR in modProcessor::run @ /home/d/dmarii65/sanepid-service.rf/public_html/core/model/modx/modprocessor.class.php : 177) Flat file processor support, used for action mgr/migxdb/getList with path /home/d/dmarii65/sanepid-service.rf/public_html/core/components/migx/processors/mgr/migxdb/getlist.php, is deprecated since version 2.7.0. 
[2020-12-23 17:23:44] (ERROR in modProcessor::run @ /home/d/dmarii65/sanepid-service.rf/public_html/core/model/modx/modprocessor.class.php : 177) Flat file processor support, used for action mgr/migxdb/getList with path /home/d/dmarii65/sanepid-service.rf/public_html/core/components/migx/processors/mgr/migxdb/getlist.php, is deprecated since version 2.7.0. 
[2020-12-23 17:23:46] (ERROR in modProcessor::run @ /home/d/dmarii65/sanepid-service.rf/public_html/core/model/modx/modprocessor.class.php : 177) Flat file processor support, used for action mgr/migxdb/process with path /home/d/dmarii65/sanepid-service.rf/public_html/core/components/migx/processors/mgr/migxdb/process.php, is deprecated since version 2.7.0. 
[2020-12-23 17:26:11] (ERROR in modProcessor::run @ /home/d/dmarii65/sanepid-service.rf/public_html/core/model/modx/modprocessor.class.php : 177) Flat file processor support, used for action mgr/migxdb/getList with path /home/d/dmarii65/sanepid-service.rf/public_html/core/components/migx/processors/mgr/migxdb/getlist.php, is deprecated since version 2.7.0. 
[2020-12-23 17:26:12] (ERROR in modProcessor::run @ /home/d/dmarii65/sanepid-service.rf/public_html/core/model/modx/modprocessor.class.php : 177) Flat file processor support, used for action mgr/migxdb/process with path /home/d/dmarii65/sanepid-service.rf/public_html/core/components/migx/processors/mgr/migxdb/process.php, is deprecated since version 2.7.0. 
[2020-12-23 17:26:24] (ERROR in modProcessor::run @ /home/d/dmarii65/sanepid-service.rf/public_html/core/model/modx/modprocessor.class.php : 177) Flat file processor support, used for action mgr/migxdb/getList with path /home/d/dmarii65/sanepid-service.rf/public_html/core/components/migx/processors/mgr/migxdb/getlist.php, is deprecated since version 2.7.0. 
[2020-12-23 17:26:26] (ERROR in modProcessor::run @ /home/d/dmarii65/sanepid-service.rf/public_html/core/model/modx/modprocessor.class.php : 177) Flat file processor support, used for action mgr/migxdb/process with path /home/d/dmarii65/sanepid-service.rf/public_html/core/components/migx/processors/mgr/migxdb/process.php, is deprecated since version 2.7.0. 
[2020-12-23 17:26:56] (ERROR in modProcessor::run @ /home/d/dmarii65/sanepid-service.rf/public_html/core/model/modx/modprocessor.class.php : 177) Flat file processor support, used for action mgr/migxdb/update with path /home/d/dmarii65/sanepid-service.rf/public_html/core/components/migx/processors/mgr/migxdb/update.php, is deprecated since version 2.7.0. 
[2020-12-23 17:26:56] (ERROR @ /home/d/dmarii65/sanepid-service.rf/public_html/core/components/migx/processors/mgr/migxconfigs/update.php : 406) modCacheManager::clearCache is deprecated since version 2.1.0. Use modCacheManager::refresh() instead.
[2020-12-23 17:26:56] (ERROR in modProcessor::run @ /home/d/dmarii65/sanepid-service.rf/public_html/core/model/modx/modprocessor.class.php : 177) Flat file processor support, used for action mgr/migxdb/getList with path /home/d/dmarii65/sanepid-service.rf/public_html/core/components/migx/processors/mgr/migxdb/getlist.php, is deprecated since version 2.7.0. 
[2020-12-24 11:19:12] (ERROR in modProcessor::run @ /home/d/dmarii65/sanepid-service.rf/public_html/core/model/modx/modprocessor.class.php : 177) Flat file processor support, used for action mgr/migxdb/getList with path /home/d/dmarii65/sanepid-service.rf/public_html/core/components/migx/processors/mgr/migxdb/getlist.php, is deprecated since version 2.7.0. 
[2020-12-24 11:19:14] (ERROR in modProcessor::run @ /home/d/dmarii65/sanepid-service.rf/public_html/core/model/modx/modprocessor.class.php : 177) Flat file processor support, used for action mgr/migxdb/process with path /home/d/dmarii65/sanepid-service.rf/public_html/core/components/migx/processors/mgr/migxdb/process.php, is deprecated since version 2.7.0. 
[2020-12-24 11:22:05] (ERROR in modProcessor::run @ /home/d/dmarii65/sanepid-service.rf/public_html/core/model/modx/modprocessor.class.php : 177) Flat file processor support, used for action mgr/migxdb/update with path /home/d/dmarii65/sanepid-service.rf/public_html/core/components/migx/processors/mgr/migxdb/update.php, is deprecated since version 2.7.0. 
[2020-12-24 11:22:05] (ERROR @ /home/d/dmarii65/sanepid-service.rf/public_html/core/components/migx/processors/mgr/migxconfigs/update.php : 406) modCacheManager::clearCache is deprecated since version 2.1.0. Use modCacheManager::refresh() instead.
[2020-12-24 11:22:05] (ERROR in modProcessor::run @ /home/d/dmarii65/sanepid-service.rf/public_html/core/model/modx/modprocessor.class.php : 177) Flat file processor support, used for action mgr/migxdb/getList with path /home/d/dmarii65/sanepid-service.rf/public_html/core/components/migx/processors/mgr/migxdb/getlist.php, is deprecated since version 2.7.0. 
[2020-12-24 11:25:20] (ERROR in modProcessor::run @ /home/d/dmarii65/sanepid-service.rf/public_html/core/model/modx/modprocessor.class.php : 177) Flat file processor support, used for action mgr/migxdb/update with path /home/d/dmarii65/sanepid-service.rf/public_html/core/components/migx/processors/mgr/migxdb/update.php, is deprecated since version 2.7.0. 
[2020-12-24 11:25:20] (ERROR @ /home/d/dmarii65/sanepid-service.rf/public_html/core/components/migx/processors/mgr/migxconfigs/update.php : 406) modCacheManager::clearCache is deprecated since version 2.1.0. Use modCacheManager::refresh() instead.
[2020-12-24 11:25:20] (ERROR in modProcessor::run @ /home/d/dmarii65/sanepid-service.rf/public_html/core/model/modx/modprocessor.class.php : 177) Flat file processor support, used for action mgr/migxdb/getList with path /home/d/dmarii65/sanepid-service.rf/public_html/core/components/migx/processors/mgr/migxdb/getlist.php, is deprecated since version 2.7.0. 
[2020-12-24 11:27:46] (ERROR in modProcessor::run @ /home/d/dmarii65/sanepid-service.rf/public_html/core/model/modx/modprocessor.class.php : 177) Flat file processor support, used for action mgr/migxdb/update with path /home/d/dmarii65/sanepid-service.rf/public_html/core/components/migx/processors/mgr/migxdb/update.php, is deprecated since version 2.7.0. 
[2020-12-24 11:27:46] (ERROR @ /home/d/dmarii65/sanepid-service.rf/public_html/core/components/migx/processors/mgr/migxconfigs/update.php : 406) modCacheManager::clearCache is deprecated since version 2.1.0. Use modCacheManager::refresh() instead.
[2020-12-24 11:27:46] (ERROR in modProcessor::run @ /home/d/dmarii65/sanepid-service.rf/public_html/core/model/modx/modprocessor.class.php : 177) Flat file processor support, used for action mgr/migxdb/getList with path /home/d/dmarii65/sanepid-service.rf/public_html/core/components/migx/processors/mgr/migxdb/getlist.php, is deprecated since version 2.7.0. 
[2020-12-24 11:28:14] (ERROR in modProcessor::run @ /home/d/dmarii65/sanepid-service.rf/public_html/core/model/modx/modprocessor.class.php : 177) Flat file processor support, used for action mgr/migxdb/update with path /home/d/dmarii65/sanepid-service.rf/public_html/core/components/migx/processors/mgr/migxdb/update.php, is deprecated since version 2.7.0. 
[2020-12-24 11:28:14] (ERROR @ /home/d/dmarii65/sanepid-service.rf/public_html/core/components/migx/processors/mgr/migxconfigs/update.php : 406) modCacheManager::clearCache is deprecated since version 2.1.0. Use modCacheManager::refresh() instead.
[2020-12-24 11:28:14] (ERROR in modProcessor::run @ /home/d/dmarii65/sanepid-service.rf/public_html/core/model/modx/modprocessor.class.php : 177) Flat file processor support, used for action mgr/migxdb/getList with path /home/d/dmarii65/sanepid-service.rf/public_html/core/components/migx/processors/mgr/migxdb/getlist.php, is deprecated since version 2.7.0. 
[2020-12-24 11:32:56] (ERROR in modProcessor::run @ /home/d/dmarii65/sanepid-service.rf/public_html/core/model/modx/modprocessor.class.php : 177) Flat file processor support, used for action mgr/migxdb/getList with path /home/d/dmarii65/sanepid-service.rf/public_html/core/components/migx/processors/mgr/migxdb/getlist.php, is deprecated since version 2.7.0. 
[2020-12-24 11:32:57] (ERROR in modProcessor::run @ /home/d/dmarii65/sanepid-service.rf/public_html/core/model/modx/modprocessor.class.php : 177) Flat file processor support, used for action mgr/migxdb/process with path /home/d/dmarii65/sanepid-service.rf/public_html/core/components/migx/processors/mgr/migxdb/process.php, is deprecated since version 2.7.0. 
[2020-12-24 11:33:16] (ERROR in modProcessor::run @ /home/d/dmarii65/sanepid-service.rf/public_html/core/model/modx/modprocessor.class.php : 177) Flat file processor support, used for action mgr/migxdb/update with path /home/d/dmarii65/sanepid-service.rf/public_html/core/components/migx/processors/mgr/migxdb/update.php, is deprecated since version 2.7.0. 
[2020-12-24 11:33:16] (ERROR @ /home/d/dmarii65/sanepid-service.rf/public_html/core/components/migx/processors/mgr/migxconfigs/update.php : 406) modCacheManager::clearCache is deprecated since version 2.1.0. Use modCacheManager::refresh() instead.
[2020-12-24 11:33:16] (ERROR in modProcessor::run @ /home/d/dmarii65/sanepid-service.rf/public_html/core/model/modx/modprocessor.class.php : 177) Flat file processor support, used for action mgr/migxdb/getList with path /home/d/dmarii65/sanepid-service.rf/public_html/core/components/migx/processors/mgr/migxdb/getlist.php, is deprecated since version 2.7.0. 
[2020-12-24 13:37:22] (ERROR @ /home/d/dmarii65/sanepid-service.rf/public_html/core/model/modx/modcachemanager.class.php : 514) Error caching script elements/modplugin/4
[2020-12-24 13:37:22] (ERROR @ /home/d/dmarii65/sanepid-service.rf/public_html/core/model/modx/modcachemanager.class.php : 349) Error caching lexicon topic lexicon/ru/clientconfig/default
[2020-12-24 15:44:27] (ERROR @ /home/d/dmarii65/sanepid-service.rf/public_html/core/model/modx/modcachemanager.class.php : 349) Error caching lexicon topic lexicon/ru/core/file
[2020-12-24 16:00:36] (ERROR @ /home/d/dmarii65/sanepid-service.rf/public_html/core/model/modx/modtemplatevar.class.php : 98) tv_err_createArray
[2020-12-24 16:45:01] (ERROR @ /home/d/dmarii65/sanepid-service.rf/public_html/core/model/modx/modcachemanager.class.php : 349) Error caching lexicon topic lexicon/en/pdotools/properties
[2020-12-24 16:45:01] (ERROR @ /home/d/dmarii65/sanepid-service.rf/public_html/core/model/modx/modcachemanager.class.php : 349) Error caching lexicon topic lexicon/ru/pdotools/properties
[2020-12-24 16:53:24] (ERROR @ /home/d/dmarii65/sanepid-service.rf/public_html/core/model/modx/modcachemanager.class.php : 349) Error caching lexicon topic lexicon/en/formit/properties
[2020-12-24 16:56:22] (ERROR in modProcessor::run @ /home/d/dmarii65/sanepid-service.rf/public_html/core/model/modx/modprocessor.class.php : 177) Flat file processor support, used for action mgr/migxdb/getList with path /home/d/dmarii65/sanepid-service.rf/public_html/core/components/migx/processors/mgr/migxdb/getlist.php, is deprecated since version 2.7.0. 
[2020-12-24 16:56:23] (ERROR in modProcessor::run @ /home/d/dmarii65/sanepid-service.rf/public_html/core/model/modx/modprocessor.class.php : 177) Flat file processor support, used for action mgr/migxdb/process with path /home/d/dmarii65/sanepid-service.rf/public_html/core/components/migx/processors/mgr/migxdb/process.php, is deprecated since version 2.7.0. 
[2020-12-24 16:58:21] (ERROR @ /home/d/dmarii65/sanepid-service.rf/public_html/core/model/modx/modcachemanager.class.php : 349) Error caching lexicon topic lexicon/ru/core/resource
[2020-12-24 17:16:07] (ERROR @ /home/d/dmarii65/sanepid-service.rf/public_html/core/model/modx/modcachemanager.class.php : 399) Error caching action map mgr/actions
[2020-12-24 17:23:10] (ERROR in modProcessor::run @ /home/d/dmarii65/sanepid-service.rf/public_html/core/model/modx/modprocessor.class.php : 177) Flat file processor support, used for action mgr/migxdb/getList with path /home/d/dmarii65/sanepid-service.rf/public_html/core/components/migx/processors/mgr/migxdb/getlist.php, is deprecated since version 2.7.0. 
[2020-12-24 17:23:11] (ERROR in modProcessor::run @ /home/d/dmarii65/sanepid-service.rf/public_html/core/model/modx/modprocessor.class.php : 177) Flat file processor support, used for action mgr/migxdb/process with path /home/d/dmarii65/sanepid-service.rf/public_html/core/components/migx/processors/mgr/migxdb/process.php, is deprecated since version 2.7.0. 
[2020-12-24 17:24:29] (ERROR in modProcessor::run @ /home/d/dmarii65/sanepid-service.rf/public_html/core/model/modx/modprocessor.class.php : 177) Flat file processor support, used for action mgr/migxdb/update with path /home/d/dmarii65/sanepid-service.rf/public_html/core/components/migx/processors/mgr/migxdb/update.php, is deprecated since version 2.7.0. 
[2020-12-24 17:24:29] (ERROR @ /home/d/dmarii65/sanepid-service.rf/public_html/core/components/migx/processors/mgr/migxconfigs/update.php : 406) modCacheManager::clearCache is deprecated since version 2.1.0. Use modCacheManager::refresh() instead.
[2020-12-24 17:24:29] (ERROR in modProcessor::run @ /home/d/dmarii65/sanepid-service.rf/public_html/core/model/modx/modprocessor.class.php : 177) Flat file processor support, used for action mgr/migxdb/getList with path /home/d/dmarii65/sanepid-service.rf/public_html/core/components/migx/processors/mgr/migxdb/getlist.php, is deprecated since version 2.7.0. 
[2020-12-24 17:32:11] (ERROR @ /home/d/dmarii65/sanepid-service.rf/public_html/core/model/modx/modcachemanager.class.php : 349) Error caching lexicon topic lexicon/ru/core/resource
[2020-12-24 17:34:00] (ERROR in modProcessor::run @ /home/d/dmarii65/sanepid-service.rf/public_html/core/model/modx/modprocessor.class.php : 177) Flat file processor support, used for action mgr/migxdb/getList with path /home/d/dmarii65/sanepid-service.rf/public_html/core/components/migx/processors/mgr/migxdb/getlist.php, is deprecated since version 2.7.0. 
[2020-12-24 17:34:01] (ERROR in modProcessor::run @ /home/d/dmarii65/sanepid-service.rf/public_html/core/model/modx/modprocessor.class.php : 177) Flat file processor support, used for action mgr/migxdb/process with path /home/d/dmarii65/sanepid-service.rf/public_html/core/components/migx/processors/mgr/migxdb/process.php, is deprecated since version 2.7.0. 
[2020-12-24 17:34:22] (ERROR in modProcessor::run @ /home/d/dmarii65/sanepid-service.rf/public_html/core/model/modx/modprocessor.class.php : 177) Flat file processor support, used for action mgr/migxdb/update with path /home/d/dmarii65/sanepid-service.rf/public_html/core/components/migx/processors/mgr/migxdb/update.php, is deprecated since version 2.7.0. 
[2020-12-24 17:34:22] (ERROR @ /home/d/dmarii65/sanepid-service.rf/public_html/core/components/migx/processors/mgr/migxconfigs/update.php : 406) modCacheManager::clearCache is deprecated since version 2.1.0. Use modCacheManager::refresh() instead.
[2020-12-24 17:34:22] (ERROR in modProcessor::run @ /home/d/dmarii65/sanepid-service.rf/public_html/core/model/modx/modprocessor.class.php : 177) Flat file processor support, used for action mgr/migxdb/getList with path /home/d/dmarii65/sanepid-service.rf/public_html/core/components/migx/processors/mgr/migxdb/getlist.php, is deprecated since version 2.7.0. 
[2020-12-24 17:35:31] (ERROR in modProcessor::run @ /home/d/dmarii65/sanepid-service.rf/public_html/core/model/modx/modprocessor.class.php : 177) Flat file processor support, used for action mgr/migxdb/getList with path /home/d/dmarii65/sanepid-service.rf/public_html/core/components/migx/processors/mgr/migxdb/getlist.php, is deprecated since version 2.7.0. 
[2020-12-24 17:35:32] (ERROR in modProcessor::run @ /home/d/dmarii65/sanepid-service.rf/public_html/core/model/modx/modprocessor.class.php : 177) Flat file processor support, used for action mgr/migxdb/process with path /home/d/dmarii65/sanepid-service.rf/public_html/core/components/migx/processors/mgr/migxdb/process.php, is deprecated since version 2.7.0. 
[2020-12-24 17:35:54] (ERROR in modProcessor::run @ /home/d/dmarii65/sanepid-service.rf/public_html/core/model/modx/modprocessor.class.php : 177) Flat file processor support, used for action mgr/migxdb/update with path /home/d/dmarii65/sanepid-service.rf/public_html/core/components/migx/processors/mgr/migxdb/update.php, is deprecated since version 2.7.0. 
[2020-12-24 17:35:54] (ERROR @ /home/d/dmarii65/sanepid-service.rf/public_html/core/components/migx/processors/mgr/migxconfigs/update.php : 406) modCacheManager::clearCache is deprecated since version 2.1.0. Use modCacheManager::refresh() instead.
[2020-12-24 17:35:55] (ERROR in modProcessor::run @ /home/d/dmarii65/sanepid-service.rf/public_html/core/model/modx/modprocessor.class.php : 177) Flat file processor support, used for action mgr/migxdb/getList with path /home/d/dmarii65/sanepid-service.rf/public_html/core/components/migx/processors/mgr/migxdb/getlist.php, is deprecated since version 2.7.0. 
[2020-12-24 17:38:41] (ERROR in modProcessor::run @ /home/d/dmarii65/sanepid-service.rf/public_html/core/model/modx/modprocessor.class.php : 177) Flat file processor support, used for action mgr/migxdb/getList with path /home/d/dmarii65/sanepid-service.rf/public_html/core/components/migx/processors/mgr/migxdb/getlist.php, is deprecated since version 2.7.0. 
[2020-12-24 17:38:42] (ERROR in modProcessor::run @ /home/d/dmarii65/sanepid-service.rf/public_html/core/model/modx/modprocessor.class.php : 177) Flat file processor support, used for action mgr/migxdb/process with path /home/d/dmarii65/sanepid-service.rf/public_html/core/components/migx/processors/mgr/migxdb/process.php, is deprecated since version 2.7.0. 
[2020-12-24 17:39:54] (ERROR in modProcessor::run @ /home/d/dmarii65/sanepid-service.rf/public_html/core/model/modx/modprocessor.class.php : 177) Flat file processor support, used for action mgr/migxdb/update with path /home/d/dmarii65/sanepid-service.rf/public_html/core/components/migx/processors/mgr/migxdb/update.php, is deprecated since version 2.7.0. 
[2020-12-24 17:39:54] (ERROR @ /home/d/dmarii65/sanepid-service.rf/public_html/core/components/migx/processors/mgr/migxconfigs/update.php : 406) modCacheManager::clearCache is deprecated since version 2.1.0. Use modCacheManager::refresh() instead.
[2020-12-24 17:39:54] (ERROR in modProcessor::run @ /home/d/dmarii65/sanepid-service.rf/public_html/core/model/modx/modprocessor.class.php : 177) Flat file processor support, used for action mgr/migxdb/getList with path /home/d/dmarii65/sanepid-service.rf/public_html/core/components/migx/processors/mgr/migxdb/getlist.php, is deprecated since version 2.7.0. 
[2020-12-24 17:41:19] (ERROR in modProcessor::run @ /home/d/dmarii65/sanepid-service.rf/public_html/core/model/modx/modprocessor.class.php : 177) Flat file processor support, used for action mgr/migxdb/update with path /home/d/dmarii65/sanepid-service.rf/public_html/core/components/migx/processors/mgr/migxdb/update.php, is deprecated since version 2.7.0. 
[2020-12-24 17:41:19] (ERROR @ /home/d/dmarii65/sanepid-service.rf/public_html/core/components/migx/processors/mgr/migxconfigs/update.php : 406) modCacheManager::clearCache is deprecated since version 2.1.0. Use modCacheManager::refresh() instead.
[2020-12-24 17:41:19] (ERROR in modProcessor::run @ /home/d/dmarii65/sanepid-service.rf/public_html/core/model/modx/modprocessor.class.php : 177) Flat file processor support, used for action mgr/migxdb/getList with path /home/d/dmarii65/sanepid-service.rf/public_html/core/components/migx/processors/mgr/migxdb/getlist.php, is deprecated since version 2.7.0. 
[2020-12-24 17:43:38] (ERROR @ /home/d/dmarii65/sanepid-service.rf/public_html/core/model/modx/modcachemanager.class.php : 349) Error caching lexicon topic lexicon/ru/core/resource
[2020-12-24 17:55:38] (ERROR @ /home/d/dmarii65/sanepid-service.rf/public_html/core/model/modx/modcachemanager.class.php : 349) Error caching lexicon topic lexicon/en/core/default
[2020-12-24 17:55:38] (ERROR @ /home/d/dmarii65/sanepid-service.rf/public_html/core/model/modx/modcachemanager.class.php : 349) Error caching lexicon topic lexicon/ru/core/default
[2020-12-24 17:55:38] (ERROR @ /home/d/dmarii65/sanepid-service.rf/public_html/core/model/modx/modcachemanager.class.php : 349) Error caching lexicon topic lexicon/ru/core/element
[2020-12-24 17:56:07] (ERROR @ /home/d/dmarii65/sanepid-service.rf/public_html/core/model/modx/modcachemanager.class.php : 399) Error caching action map mgr/actions
[2020-12-24 17:56:07] (ERROR @ /home/d/dmarii65/sanepid-service.rf/public_html/core/model/modx/modcachemanager.class.php : 349) Error caching lexicon topic lexicon/ru/core/element
[2020-12-24 17:56:26] (ERROR @ /home/d/dmarii65/sanepid-service.rf/public_html/core/model/modx/modcachemanager.class.php : 514) Error caching script elements/modplugin/2
[2020-12-24 19:01:28] (ERROR in modProcessor::run @ /home/d/dmarii65/sanepid-service.rf/public_html/core/model/modx/modprocessor.class.php : 177) Flat file processor support, used for action mgr/migxdb/getList with path /home/d/dmarii65/sanepid-service.rf/public_html/core/components/migx/processors/mgr/migxdb/getlist.php, is deprecated since version 2.7.0. 
[2020-12-24 19:01:29] (ERROR in modProcessor::run @ /home/d/dmarii65/sanepid-service.rf/public_html/core/model/modx/modprocessor.class.php : 177) Flat file processor support, used for action mgr/migxdb/process with path /home/d/dmarii65/sanepid-service.rf/public_html/core/components/migx/processors/mgr/migxdb/process.php, is deprecated since version 2.7.0. 
[2020-12-24 19:03:08] (ERROR in modProcessor::run @ /home/d/dmarii65/sanepid-service.rf/public_html/core/model/modx/modprocessor.class.php : 177) Flat file processor support, used for action mgr/migxdb/update with path /home/d/dmarii65/sanepid-service.rf/public_html/core/components/migx/processors/mgr/migxdb/update.php, is deprecated since version 2.7.0. 
[2020-12-24 19:03:08] (ERROR @ /home/d/dmarii65/sanepid-service.rf/public_html/core/components/migx/processors/mgr/migxconfigs/update.php : 406) modCacheManager::clearCache is deprecated since version 2.1.0. Use modCacheManager::refresh() instead.
[2020-12-24 19:03:08] (ERROR in modProcessor::run @ /home/d/dmarii65/sanepid-service.rf/public_html/core/model/modx/modprocessor.class.php : 177) Flat file processor support, used for action mgr/migxdb/getList with path /home/d/dmarii65/sanepid-service.rf/public_html/core/components/migx/processors/mgr/migxdb/getlist.php, is deprecated since version 2.7.0. 
[2020-12-24 19:10:29] (ERROR @ /home/d/dmarii65/sanepid-service.rf/public_html/core/model/modx/modcachemanager.class.php : 349) Error caching lexicon topic lexicon/ru/core/default
[2020-12-24 19:10:29] (ERROR @ /home/d/dmarii65/sanepid-service.rf/public_html/core/model/modx/modcachemanager.class.php : 399) Error caching action map mgr/actions
[2020-12-24 19:12:47] (ERROR @ /home/d/dmarii65/sanepid-service.rf/public_html/core/model/modx/modcachemanager.class.php : 349) Error caching lexicon topic lexicon/ru/core/source
[2020-12-24 19:12:47] (ERROR @ /home/d/dmarii65/sanepid-service.rf/public_html/core/model/modx/modcachemanager.class.php : 349) Error caching lexicon topic lexicon/ru/formit/properties
[2020-12-24 22:54:55] (ERROR in resource 24 @ /home/d/dmarii65/sanepid-service.rf/public_html/core/model/modx/modparser.class.php : 1373) Bad link tag `[[~]]` encountered
[2020-12-24 22:54:55] (ERROR in resource 24 @ /home/d/dmarii65/sanepid-service.rf/public_html/core/model/modx/modparser.class.php : 1373) Bad link tag `[[~]]` encountered
[2020-12-24 22:54:55] (ERROR in resource 24 @ /home/d/dmarii65/sanepid-service.rf/public_html/core/model/modx/modparser.class.php : 1373) Bad link tag `[[~]]` encountered
[2020-12-25 00:04:19] (ERROR @ /home/d/dmarii65/sanepid-service.rf/public_html/core/model/modx/modcachemanager.class.php : 349) Error caching lexicon topic lexicon/ru/core/element
[2020-12-25 00:29:14] (ERROR @ /home/d/dmarii65/sanepid-service.rf/public_html/core/model/modx/modcachemanager.class.php : 349) Error caching lexicon topic lexicon/ru/core/element
[2020-12-25 01:01:09] (ERROR in resource 25 @ /home/d/dmarii65/sanepid-service.rf/public_html/core/model/modx/modparser.class.php : 1373) Bad link tag `[[~]]` encountered
[2020-12-25 01:01:09] (ERROR in resource 25 @ /home/d/dmarii65/sanepid-service.rf/public_html/core/model/modx/modparser.class.php : 1373) Bad link tag `[[~]]` encountered
[2020-12-25 01:01:09] (ERROR in resource 25 @ /home/d/dmarii65/sanepid-service.rf/public_html/core/model/modx/modparser.class.php : 1373) Bad link tag `[[~]]` encountered
[2020-12-25 01:01:09] (ERROR in resource 25 @ /home/d/dmarii65/sanepid-service.rf/public_html/core/model/modx/modparser.class.php : 1373) Bad link tag `[[~]]` encountered
[2020-12-25 01:01:09] (ERROR in resource 25 @ /home/d/dmarii65/sanepid-service.rf/public_html/core/model/modx/modparser.class.php : 1373) Bad link tag `[[~]]` encountered
[2020-12-25 01:01:09] (ERROR in resource 25 @ /home/d/dmarii65/sanepid-service.rf/public_html/core/model/modx/modparser.class.php : 1373) Bad link tag `[[~]]` encountered
[2020-12-25 01:04:54] (ERROR in resource 25 @ /home/d/dmarii65/sanepid-service.rf/public_html/core/model/modx/modparser.class.php : 1373) Bad link tag `[[~]]` encountered
[2020-12-25 01:04:54] (ERROR in resource 25 @ /home/d/dmarii65/sanepid-service.rf/public_html/core/model/modx/modparser.class.php : 1373) Bad link tag `[[~]]` encountered
[2020-12-25 01:04:54] (ERROR in resource 25 @ /home/d/dmarii65/sanepid-service.rf/public_html/core/model/modx/modparser.class.php : 1373) Bad link tag `[[~]]` encountered
[2020-12-25 01:04:54] (ERROR in resource 25 @ /home/d/dmarii65/sanepid-service.rf/public_html/core/model/modx/modparser.class.php : 1373) Bad link tag `[[~]]` encountered
[2020-12-25 01:04:54] (ERROR in resource 25 @ /home/d/dmarii65/sanepid-service.rf/public_html/core/model/modx/modparser.class.php : 1373) Bad link tag `[[~]]` encountered
[2020-12-25 01:04:54] (ERROR in resource 25 @ /home/d/dmarii65/sanepid-service.rf/public_html/core/model/modx/modparser.class.php : 1373) Bad link tag `[[~]]` encountered
[2020-12-25 01:08:39] (ERROR @ /home/d/dmarii65/sanepid-service.rf/public_html/core/model/modx/modparser.class.php : 541) Could not find snippet with name getResources.
[2020-12-25 01:08:39] (ERROR @ /home/d/dmarii65/sanepid-service.rf/public_html/core/model/modx/modparser.class.php : 541) Could not find snippet with name getResources.
[2020-12-25 01:08:39] (ERROR @ /home/d/dmarii65/sanepid-service.rf/public_html/core/model/modx/modparser.class.php : 541) Could not find snippet with name getResources.
[2020-12-25 01:08:39] (ERROR @ /home/d/dmarii65/sanepid-service.rf/public_html/core/model/modx/modparser.class.php : 541) Could not find snippet with name getResources.
[2020-12-25 02:02:46] (ERROR @ /home/d/dmarii65/sanepid-service.rf/public_html/core/model/modx/modcachemanager.class.php : 349) Error caching lexicon topic lexicon/ru/core/resource
[2020-12-25 02:03:49] (ERROR in resource 3 @ /home/d/dmarii65/sanepid-service.rf/public_html/core/model/modx/modparser.class.php : 1373) Bad link tag `[[~]]` encountered
[2020-12-25 02:03:49] (ERROR in resource 3 @ /home/d/dmarii65/sanepid-service.rf/public_html/core/model/modx/modparser.class.php : 1373) Bad link tag `[[~]]` encountered
[2020-12-25 02:03:49] (ERROR in resource 3 @ /home/d/dmarii65/sanepid-service.rf/public_html/core/model/modx/modparser.class.php : 1373) Bad link tag `[[~]]` encountered
[2020-12-25 02:03:49] (ERROR in resource 3 @ /home/d/dmarii65/sanepid-service.rf/public_html/core/model/modx/modparser.class.php : 1373) Bad link tag `[[~]]` encountered
[2020-12-25 02:03:49] (ERROR in resource 3 @ /home/d/dmarii65/sanepid-service.rf/public_html/core/model/modx/modparser.class.php : 1373) Bad link tag `[[~]]` encountered
[2020-12-25 02:03:49] (ERROR in resource 3 @ /home/d/dmarii65/sanepid-service.rf/public_html/core/model/modx/modparser.class.php : 1373) Bad link tag `[[~]]` encountered
[2020-12-25 02:09:56] (ERROR in resource 3 @ /home/d/dmarii65/sanepid-service.rf/public_html/core/model/modx/modparser.class.php : 1373) Bad link tag `[[~]]` encountered
[2020-12-25 02:09:56] (ERROR in resource 3 @ /home/d/dmarii65/sanepid-service.rf/public_html/core/model/modx/modparser.class.php : 1373) Bad link tag `[[~]]` encountered
[2020-12-25 02:09:56] (ERROR in resource 3 @ /home/d/dmarii65/sanepid-service.rf/public_html/core/model/modx/modparser.class.php : 1373) Bad link tag `[[~]]` encountered
[2020-12-25 02:09:56] (ERROR in resource 3 @ /home/d/dmarii65/sanepid-service.rf/public_html/core/model/modx/modparser.class.php : 1373) Bad link tag `[[~]]` encountered
[2020-12-25 02:09:56] (ERROR in resource 3 @ /home/d/dmarii65/sanepid-service.rf/public_html/core/model/modx/modparser.class.php : 1373) Bad link tag `[[~]]` encountered
[2020-12-25 02:09:56] (ERROR in resource 3 @ /home/d/dmarii65/sanepid-service.rf/public_html/core/model/modx/modparser.class.php : 1373) Bad link tag `[[~]]` encountered
[2020-12-25 02:25:10] (ERROR in resource 24 @ /home/d/dmarii65/sanepid-service.rf/public_html/core/model/modx/modparser.class.php : 1373) Bad link tag `[[~]]` encountered
[2020-12-25 02:25:10] (ERROR in resource 24 @ /home/d/dmarii65/sanepid-service.rf/public_html/core/model/modx/modparser.class.php : 1373) Bad link tag `[[~]]` encountered
[2020-12-25 02:25:10] (ERROR in resource 24 @ /home/d/dmarii65/sanepid-service.rf/public_html/core/model/modx/modparser.class.php : 1373) Bad link tag `[[~]]` encountered
[2020-12-25 02:25:10] (ERROR in resource 24 @ /home/d/dmarii65/sanepid-service.rf/public_html/core/model/modx/modparser.class.php : 1373) Bad link tag `[[~]]` encountered
[2020-12-25 02:25:10] (ERROR in resource 24 @ /home/d/dmarii65/sanepid-service.rf/public_html/core/model/modx/modparser.class.php : 1373) Bad link tag `[[~]]` encountered
[2020-12-25 02:48:26] (ERROR in resource 38 @ /home/d/dmarii65/sanepid-service.rf/public_html/core/model/modx/modparser.class.php : 1373) Bad link tag `[[~]]` encountered
[2020-12-25 02:48:26] (ERROR in resource 38 @ /home/d/dmarii65/sanepid-service.rf/public_html/core/model/modx/modparser.class.php : 1373) Bad link tag `[[~]]` encountered
[2020-12-25 02:48:26] (ERROR in resource 38 @ /home/d/dmarii65/sanepid-service.rf/public_html/core/model/modx/modparser.class.php : 1373) Bad link tag `[[~]]` encountered
[2020-12-25 02:48:26] (ERROR in resource 38 @ /home/d/dmarii65/sanepid-service.rf/public_html/core/model/modx/modparser.class.php : 1373) Bad link tag `[[~]]` encountered
[2020-12-25 02:48:26] (ERROR in resource 38 @ /home/d/dmarii65/sanepid-service.rf/public_html/core/model/modx/modparser.class.php : 1373) Bad link tag `[[~]]` encountered
[2020-12-25 02:48:26] (ERROR in resource 38 @ /home/d/dmarii65/sanepid-service.rf/public_html/core/model/modx/modparser.class.php : 1373) Bad link tag `[[~]]` encountered
[2020-12-25 02:48:26] (ERROR in resource 38 @ /home/d/dmarii65/sanepid-service.rf/public_html/core/model/modx/modparser.class.php : 1373) Bad link tag `[[~]]` encountered
[2020-12-25 02:50:36] (ERROR in resource 38 @ /home/d/dmarii65/sanepid-service.rf/public_html/core/model/modx/modparser.class.php : 1373) Bad link tag `[[~]]` encountered
[2020-12-25 02:50:36] (ERROR in resource 38 @ /home/d/dmarii65/sanepid-service.rf/public_html/core/model/modx/modparser.class.php : 1373) Bad link tag `[[~]]` encountered
[2020-12-25 02:50:36] (ERROR in resource 38 @ /home/d/dmarii65/sanepid-service.rf/public_html/core/model/modx/modparser.class.php : 1373) Bad link tag `[[~]]` encountered
[2020-12-25 02:50:36] (ERROR in resource 38 @ /home/d/dmarii65/sanepid-service.rf/public_html/core/model/modx/modparser.class.php : 1373) Bad link tag `[[~]]` encountered
[2020-12-25 02:50:36] (ERROR in resource 38 @ /home/d/dmarii65/sanepid-service.rf/public_html/core/model/modx/modparser.class.php : 1373) Bad link tag `[[~]]` encountered
[2020-12-25 02:50:54] (ERROR in resource 38 @ /home/d/dmarii65/sanepid-service.rf/public_html/core/model/modx/modparser.class.php : 1373) Bad link tag `[[~]]` encountered
[2020-12-25 02:50:54] (ERROR in resource 38 @ /home/d/dmarii65/sanepid-service.rf/public_html/core/model/modx/modparser.class.php : 1373) Bad link tag `[[~]]` encountered
[2020-12-25 02:50:54] (ERROR in resource 38 @ /home/d/dmarii65/sanepid-service.rf/public_html/core/model/modx/modparser.class.php : 1373) Bad link tag `[[~]]` encountered
[2020-12-25 02:50:54] (ERROR in resource 38 @ /home/d/dmarii65/sanepid-service.rf/public_html/core/model/modx/modparser.class.php : 1373) Bad link tag `[[~]]` encountered
[2020-12-25 02:50:54] (ERROR in resource 38 @ /home/d/dmarii65/sanepid-service.rf/public_html/core/model/modx/modparser.class.php : 1373) Bad link tag `[[~]]` encountered
[2020-12-25 02:52:37] (ERROR in resource 38 @ /home/d/dmarii65/sanepid-service.rf/public_html/core/model/modx/modparser.class.php : 1373) Bad link tag `[[~]]` encountered
[2020-12-25 02:52:37] (ERROR in resource 38 @ /home/d/dmarii65/sanepid-service.rf/public_html/core/model/modx/modparser.class.php : 1373) Bad link tag `[[~]]` encountered
[2020-12-25 02:52:37] (ERROR in resource 38 @ /home/d/dmarii65/sanepid-service.rf/public_html/core/model/modx/modparser.class.php : 1373) Bad link tag `[[~]]` encountered
[2020-12-25 02:52:37] (ERROR in resource 38 @ /home/d/dmarii65/sanepid-service.rf/public_html/core/model/modx/modparser.class.php : 1373) Bad link tag `[[~]]` encountered
[2020-12-25 02:52:37] (ERROR in resource 38 @ /home/d/dmarii65/sanepid-service.rf/public_html/core/model/modx/modparser.class.php : 1373) Bad link tag `[[~]]` encountered
[2020-12-25 02:53:47] (ERROR in resource 38 @ /home/d/dmarii65/sanepid-service.rf/public_html/core/model/modx/modparser.class.php : 1373) Bad link tag `[[~]]` encountered
[2020-12-25 02:53:47] (ERROR in resource 38 @ /home/d/dmarii65/sanepid-service.rf/public_html/core/model/modx/modparser.class.php : 1373) Bad link tag `[[~]]` encountered
[2020-12-25 02:53:47] (ERROR in resource 38 @ /home/d/dmarii65/sanepid-service.rf/public_html/core/model/modx/modparser.class.php : 1373) Bad link tag `[[~]]` encountered
[2020-12-25 02:53:47] (ERROR in resource 38 @ /home/d/dmarii65/sanepid-service.rf/public_html/core/model/modx/modparser.class.php : 1373) Bad link tag `[[~]]` encountered
[2020-12-25 02:53:47] (ERROR in resource 38 @ /home/d/dmarii65/sanepid-service.rf/public_html/core/model/modx/modparser.class.php : 1373) Bad link tag `[[~]]` encountered
[2020-12-25 03:03:54] (ERROR @ /home/d/dmarii65/sanepid-service.rf/public_html/core/model/modx/modcachemanager.class.php : 349) Error caching lexicon topic lexicon/ru/core/default
[2020-12-25 03:06:34] (ERROR in resource 38 @ /home/d/dmarii65/sanepid-service.rf/public_html/core/model/modx/modparser.class.php : 1373) Bad link tag `[[~]]` encountered
[2020-12-25 03:06:34] (ERROR in resource 38 @ /home/d/dmarii65/sanepid-service.rf/public_html/core/model/modx/modparser.class.php : 1373) Bad link tag `[[~]]` encountered
[2020-12-25 03:06:34] (ERROR in resource 38 @ /home/d/dmarii65/sanepid-service.rf/public_html/core/model/modx/modparser.class.php : 1373) Bad link tag `[[~]]` encountered
[2020-12-25 03:06:34] (ERROR in resource 38 @ /home/d/dmarii65/sanepid-service.rf/public_html/core/model/modx/modparser.class.php : 1373) Bad link tag `[[~]]` encountered
[2020-12-25 03:06:34] (ERROR in resource 38 @ /home/d/dmarii65/sanepid-service.rf/public_html/core/model/modx/modparser.class.php : 1373) Bad link tag `[[~]]` encountered
[2020-12-25 08:53:05] (ERROR @ /home/d/dmarii65/sanepid-service.rf/public_html/core/model/modx/modcachemanager.class.php : 349) Error caching lexicon topic lexicon/en/clientconfig/default
[2020-12-25 08:54:35] (ERROR @ /home/d/dmarii65/sanepid-service.rf/public_html/core/model/modx/modcachemanager.class.php : 349) Error caching lexicon topic lexicon/ru/core/category
[2020-12-25 08:54:35] (ERROR @ /home/d/dmarii65/sanepid-service.rf/public_html/core/model/modx/modcachemanager.class.php : 349) Error caching lexicon topic lexicon/ru/core/element
[2020-12-25 08:57:28] (ERROR @ /home/d/dmarii65/sanepid-service.rf/public_html/core/model/modx/modcachemanager.class.php : 514) Error caching script elements/modplugin/2
[2020-12-25 08:59:10] (ERROR @ /home/d/dmarii65/sanepid-service.rf/public_html/core/model/modx/modcachemanager.class.php : 349) Error caching lexicon topic lexicon/ru/core/default
[2020-12-25 12:55:18] (ERROR @ /home/d/dmarii65/sanepid-service.rf/public_html/core/model/modx/modcachemanager.class.php : 399) Error caching action map mgr/actions
[2020-12-25 13:05:47] (ERROR @ /home/d/dmarii65/sanepid-service.rf/public_html/core/model/modx/modcachemanager.class.php : 514) Error caching script elements/modplugin/2
[2020-12-25 13:05:47] (ERROR @ /home/d/dmarii65/sanepid-service.rf/public_html/core/model/modx/modcachemanager.class.php : 349) Error caching lexicon topic lexicon/ru/clientconfig/default
[2020-12-25 13:20:07] (ERROR in modProcessor::run @ /home/d/dmarii65/sanepid-service.rf/public_html/core/model/modx/modprocessor.class.php : 177) Flat file processor support, used for action mgr/migxdb/getList with path /home/d/dmarii65/sanepid-service.rf/public_html/core/components/migx/processors/mgr/migxdb/getlist.php, is deprecated since version 2.7.0. 
[2020-12-25 13:20:08] (ERROR in modProcessor::run @ /home/d/dmarii65/sanepid-service.rf/public_html/core/model/modx/modprocessor.class.php : 177) Flat file processor support, used for action mgr/migxdb/process with path /home/d/dmarii65/sanepid-service.rf/public_html/core/components/migx/processors/mgr/migxdb/process.php, is deprecated since version 2.7.0. 
[2020-12-25 13:23:10] (ERROR in modProcessor::run @ /home/d/dmarii65/sanepid-service.rf/public_html/core/model/modx/modprocessor.class.php : 177) Flat file processor support, used for action mgr/migxdb/update with path /home/d/dmarii65/sanepid-service.rf/public_html/core/components/migx/processors/mgr/migxdb/update.php, is deprecated since version 2.7.0. 
[2020-12-25 13:23:11] (ERROR @ /home/d/dmarii65/sanepid-service.rf/public_html/core/components/migx/processors/mgr/migxconfigs/update.php : 406) modCacheManager::clearCache is deprecated since version 2.1.0. Use modCacheManager::refresh() instead.
[2020-12-25 13:23:11] (ERROR in modProcessor::run @ /home/d/dmarii65/sanepid-service.rf/public_html/core/model/modx/modprocessor.class.php : 177) Flat file processor support, used for action mgr/migxdb/getList with path /home/d/dmarii65/sanepid-service.rf/public_html/core/components/migx/processors/mgr/migxdb/getlist.php, is deprecated since version 2.7.0. 
[2020-12-25 13:23:53] (ERROR in modProcessor::run @ /home/d/dmarii65/sanepid-service.rf/public_html/core/model/modx/modprocessor.class.php : 177) Flat file processor support, used for action mgr/migxdb/getList with path /home/d/dmarii65/sanepid-service.rf/public_html/core/components/migx/processors/mgr/migxdb/getlist.php, is deprecated since version 2.7.0. 
[2020-12-25 13:23:54] (ERROR in modProcessor::run @ /home/d/dmarii65/sanepid-service.rf/public_html/core/model/modx/modprocessor.class.php : 177) Flat file processor support, used for action mgr/migxdb/process with path /home/d/dmarii65/sanepid-service.rf/public_html/core/components/migx/processors/mgr/migxdb/process.php, is deprecated since version 2.7.0. 
[2020-12-25 14:49:48] (ERROR in modProcessor::run @ /home/d/dmarii65/sanepid-service.rf/public_html/core/model/modx/modprocessor.class.php : 177) Flat file processor support, used for action mgr/migxdb/getList with path /home/d/dmarii65/sanepid-service.rf/public_html/core/components/migx/processors/mgr/migxdb/getlist.php, is deprecated since version 2.7.0. 
[2020-12-25 14:49:50] (ERROR in modProcessor::run @ /home/d/dmarii65/sanepid-service.rf/public_html/core/model/modx/modprocessor.class.php : 177) Flat file processor support, used for action mgr/migxdb/process with path /home/d/dmarii65/sanepid-service.rf/public_html/core/components/migx/processors/mgr/migxdb/process.php, is deprecated since version 2.7.0. 
[2020-12-27 13:38:49] (ERROR in modProcessor::run @ /home/d/dmarii65/sanepid-service.rf/public_html/core/model/modx/modprocessor.class.php : 177) Flat file processor support, used for action mgr/migxdb/getList with path /home/d/dmarii65/sanepid-service.rf/public_html/core/components/migx/processors/mgr/migxdb/getlist.php, is deprecated since version 2.7.0. 
[2020-12-27 13:38:57] (ERROR in modProcessor::run @ /home/d/dmarii65/sanepid-service.rf/public_html/core/model/modx/modprocessor.class.php : 177) Flat file processor support, used for action mgr/migxdb/process with path /home/d/dmarii65/sanepid-service.rf/public_html/core/components/migx/processors/mgr/migxdb/process.php, is deprecated since version 2.7.0. 
[2020-12-27 13:46:51] (ERROR in modProcessor::run @ /home/d/dmarii65/sanepid-service.rf/public_html/core/model/modx/modprocessor.class.php : 177) Flat file processor support, used for action mgr/migxdb/update with path /home/d/dmarii65/sanepid-service.rf/public_html/core/components/migx/processors/mgr/migxdb/update.php, is deprecated since version 2.7.0. 
[2020-12-27 13:46:51] (ERROR @ /home/d/dmarii65/sanepid-service.rf/public_html/core/components/migx/processors/mgr/migxconfigs/update.php : 406) modCacheManager::clearCache is deprecated since version 2.1.0. Use modCacheManager::refresh() instead.
[2020-12-27 13:46:51] (ERROR in modProcessor::run @ /home/d/dmarii65/sanepid-service.rf/public_html/core/model/modx/modprocessor.class.php : 177) Flat file processor support, used for action mgr/migxdb/getList with path /home/d/dmarii65/sanepid-service.rf/public_html/core/components/migx/processors/mgr/migxdb/getlist.php, is deprecated since version 2.7.0. 
[2020-12-27 13:48:09] (ERROR in modProcessor::run @ /home/d/dmarii65/sanepid-service.rf/public_html/core/model/modx/modprocessor.class.php : 177) Flat file processor support, used for action mgr/migxdb/update with path /home/d/dmarii65/sanepid-service.rf/public_html/core/components/migx/processors/mgr/migxdb/update.php, is deprecated since version 2.7.0. 
[2020-12-27 13:48:09] (ERROR @ /home/d/dmarii65/sanepid-service.rf/public_html/core/components/migx/processors/mgr/migxconfigs/update.php : 406) modCacheManager::clearCache is deprecated since version 2.1.0. Use modCacheManager::refresh() instead.
[2020-12-27 13:48:09] (ERROR in modProcessor::run @ /home/d/dmarii65/sanepid-service.rf/public_html/core/model/modx/modprocessor.class.php : 177) Flat file processor support, used for action mgr/migxdb/getList with path /home/d/dmarii65/sanepid-service.rf/public_html/core/components/migx/processors/mgr/migxdb/getlist.php, is deprecated since version 2.7.0. 
[2020-12-27 13:58:48] (ERROR @ /home/d/dmarii65/sanepid-service.rf/public_html/core/model/modx/modcachemanager.class.php : 349) Error caching lexicon topic lexicon/ru/core/element
[2020-12-27 14:16:47] (ERROR in modProcessor::run @ /home/d/dmarii65/sanepid-service.rf/public_html/core/model/modx/modprocessor.class.php : 177) Flat file processor support, used for action mgr/migxdb/getList with path /home/d/dmarii65/sanepid-service.rf/public_html/core/components/migx/processors/mgr/migxdb/getlist.php, is deprecated since version 2.7.0. 
[2020-12-27 14:16:49] (ERROR in modProcessor::run @ /home/d/dmarii65/sanepid-service.rf/public_html/core/model/modx/modprocessor.class.php : 177) Flat file processor support, used for action mgr/migxdb/process with path /home/d/dmarii65/sanepid-service.rf/public_html/core/components/migx/processors/mgr/migxdb/process.php, is deprecated since version 2.7.0. 
[2020-12-27 21:24:45] (ERROR in modProcessor::run @ /home/d/dmarii65/sanepid-service.rf/public_html/core/model/modx/modprocessor.class.php : 177) Flat file processor support, used for action mgr/migxdb/getList with path /home/d/dmarii65/sanepid-service.rf/public_html/core/components/migx/processors/mgr/migxdb/getlist.php, is deprecated since version 2.7.0. 
[2020-12-27 21:24:47] (ERROR in modProcessor::run @ /home/d/dmarii65/sanepid-service.rf/public_html/core/model/modx/modprocessor.class.php : 177) Flat file processor support, used for action mgr/migxdb/process with path /home/d/dmarii65/sanepid-service.rf/public_html/core/components/migx/processors/mgr/migxdb/process.php, is deprecated since version 2.7.0. 
[2020-12-27 21:27:48] (ERROR in xPDO::getService @ /home/d/dmarii65/sanepid-service.rf/public_html/core/xpdo/xpdo.class.php : 1234) modRestClient::__construct is deprecated since version 2.3.0. Use the modRest classes instead.
[2020-12-27 21:27:48] (ERROR in modRestCurlClient::__construct @ /home/d/dmarii65/sanepid-service.rf/public_html/core/model/modx/rest/modrestcurlclient.class.php : 26) modRestClient::__construct is deprecated since version 2.3.0. Use the modRest classes instead.
[2020-12-27 21:27:48] (ERROR in xPDO::getService @ /home/d/dmarii65/sanepid-service.rf/public_html/core/xpdo/xpdo.class.php : 1234) modRestClient::__construct is deprecated since version 2.3.0. Use the modRest classes instead.
[2020-12-27 21:27:48] (ERROR in modRestCurlClient::__construct @ /home/d/dmarii65/sanepid-service.rf/public_html/core/model/modx/rest/modrestcurlclient.class.php : 26) modRestClient::__construct is deprecated since version 2.3.0. Use the modRest classes instead.
[2020-12-27 21:27:48] (ERROR in xPDO::getService @ /home/d/dmarii65/sanepid-service.rf/public_html/core/xpdo/xpdo.class.php : 1234) modRestClient::__construct is deprecated since version 2.3.0. Use the modRest classes instead.
[2020-12-27 21:27:48] (ERROR in modRestCurlClient::__construct @ /home/d/dmarii65/sanepid-service.rf/public_html/core/model/modx/rest/modrestcurlclient.class.php : 26) modRestClient::__construct is deprecated since version 2.3.0. Use the modRest classes instead.
[2020-12-27 21:27:49] (ERROR in xPDO::getService @ /home/d/dmarii65/sanepid-service.rf/public_html/core/xpdo/xpdo.class.php : 1234) modRestClient::__construct is deprecated since version 2.3.0. Use the modRest classes instead.
[2020-12-27 21:27:49] (ERROR in modRestCurlClient::__construct @ /home/d/dmarii65/sanepid-service.rf/public_html/core/model/modx/rest/modrestcurlclient.class.php : 26) modRestClient::__construct is deprecated since version 2.3.0. Use the modRest classes instead.
[2020-12-27 21:27:49] (ERROR in xPDO::getService @ /home/d/dmarii65/sanepid-service.rf/public_html/core/xpdo/xpdo.class.php : 1234) modRestClient::__construct is deprecated since version 2.3.0. Use the modRest classes instead.
[2020-12-27 21:27:49] (ERROR in modRestCurlClient::__construct @ /home/d/dmarii65/sanepid-service.rf/public_html/core/model/modx/rest/modrestcurlclient.class.php : 26) modRestClient::__construct is deprecated since version 2.3.0. Use the modRest classes instead.
[2020-12-27 21:27:58] (ERROR in xPDO::getService @ /home/d/dmarii65/sanepid-service.rf/public_html/core/xpdo/xpdo.class.php : 1234) modRestClient::__construct is deprecated since version 2.3.0. Use the modRest classes instead.
[2020-12-27 21:27:58] (ERROR in modRestCurlClient::__construct @ /home/d/dmarii65/sanepid-service.rf/public_html/core/model/modx/rest/modrestcurlclient.class.php : 26) modRestClient::__construct is deprecated since version 2.3.0. Use the modRest classes instead.
[2020-12-27 21:28:00] (ERROR in xPDO::getService @ /home/d/dmarii65/sanepid-service.rf/public_html/core/xpdo/xpdo.class.php : 1234) modRestClient::__construct is deprecated since version 2.3.0. Use the modRest classes instead.
[2020-12-27 21:28:00] (ERROR in modRestCurlClient::__construct @ /home/d/dmarii65/sanepid-service.rf/public_html/core/model/modx/rest/modrestcurlclient.class.php : 26) modRestClient::__construct is deprecated since version 2.3.0. Use the modRest classes instead.
[2020-12-27 21:28:03] (ERROR in xPDO::getService @ /home/d/dmarii65/sanepid-service.rf/public_html/core/xpdo/xpdo.class.php : 1234) modRestClient::__construct is deprecated since version 2.3.0. Use the modRest classes instead.
[2020-12-27 21:28:03] (ERROR in modRestCurlClient::__construct @ /home/d/dmarii65/sanepid-service.rf/public_html/core/model/modx/rest/modrestcurlclient.class.php : 26) modRestClient::__construct is deprecated since version 2.3.0. Use the modRest classes instead.
[2020-12-27 21:28:03] (ERROR in xPDO::getService @ /home/d/dmarii65/sanepid-service.rf/public_html/core/xpdo/xpdo.class.php : 1234) modRestClient::__construct is deprecated since version 2.3.0. Use the modRest classes instead.
[2020-12-27 21:28:03] (ERROR in modRestCurlClient::__construct @ /home/d/dmarii65/sanepid-service.rf/public_html/core/model/modx/rest/modrestcurlclient.class.php : 26) modRestClient::__construct is deprecated since version 2.3.0. Use the modRest classes instead.
[2020-12-27 21:28:19] (ERROR in xPDO::getService @ /home/d/dmarii65/sanepid-service.rf/public_html/core/xpdo/xpdo.class.php : 1234) modRestClient::__construct is deprecated since version 2.3.0. Use the modRest classes instead.
[2020-12-27 21:28:19] (ERROR in modRestCurlClient::__construct @ /home/d/dmarii65/sanepid-service.rf/public_html/core/model/modx/rest/modrestcurlclient.class.php : 26) modRestClient::__construct is deprecated since version 2.3.0. Use the modRest classes instead.
[2020-12-27 21:46:04] (ERROR in xPDO::getService @ /home/d/dmarii65/sanepid-service.rf/public_html/core/xpdo/xpdo.class.php : 1234) modRestClient::__construct is deprecated since version 2.3.0. Use the modRest classes instead.
[2020-12-27 21:46:04] (ERROR in modRestCurlClient::__construct @ /home/d/dmarii65/sanepid-service.rf/public_html/core/model/modx/rest/modrestcurlclient.class.php : 26) modRestClient::__construct is deprecated since version 2.3.0. Use the modRest classes instead.
[2020-12-27 21:46:05] (ERROR in xPDO::getService @ /home/d/dmarii65/sanepid-service.rf/public_html/core/xpdo/xpdo.class.php : 1234) modRestClient::__construct is deprecated since version 2.3.0. Use the modRest classes instead.
[2020-12-27 21:46:05] (ERROR in modRestCurlClient::__construct @ /home/d/dmarii65/sanepid-service.rf/public_html/core/model/modx/rest/modrestcurlclient.class.php : 26) modRestClient::__construct is deprecated since version 2.3.0. Use the modRest classes instead.
[2020-12-27 21:46:05] (ERROR in xPDO::getService @ /home/d/dmarii65/sanepid-service.rf/public_html/core/xpdo/xpdo.class.php : 1234) modRestClient::__construct is deprecated since version 2.3.0. Use the modRest classes instead.
[2020-12-27 21:46:05] (ERROR in modRestCurlClient::__construct @ /home/d/dmarii65/sanepid-service.rf/public_html/core/model/modx/rest/modrestcurlclient.class.php : 26) modRestClient::__construct is deprecated since version 2.3.0. Use the modRest classes instead.
[2020-12-28 20:35:11] (ERROR @ /home/d/dmarii65/sanepid-service.rf/public_html/core/model/modx/modcachemanager.class.php : 349) Error caching lexicon topic lexicon/en/clientconfig/default
[2020-12-28 20:35:11] (ERROR @ /home/d/dmarii65/sanepid-service.rf/public_html/core/model/modx/modcachemanager.class.php : 349) Error caching lexicon topic lexicon/ru/clientconfig/default
[2020-12-28 20:35:11] (ERROR @ /home/d/dmarii65/sanepid-service.rf/public_html/core/model/modx/modcachemanager.class.php : 349) Error caching lexicon topic lexicon/en/core/default
[2020-12-28 20:35:11] (ERROR @ /home/d/dmarii65/sanepid-service.rf/public_html/core/model/modx/modcachemanager.class.php : 349) Error caching lexicon topic lexicon/ru/core/default
[2020-12-28 20:35:11] (ERROR @ /home/d/dmarii65/sanepid-service.rf/public_html/core/model/modx/modcachemanager.class.php : 399) Error caching action map mgr/actions
[2020-12-29 12:46:07] (ERROR @ /home/d/dmarii65/sanepid-service.rf/public_html/core/model/modx/modcachemanager.class.php : 349) Error caching lexicon topic lexicon/ru/core/resource
[2020-12-29 12:52:52] (ERROR @ /home/d/dmarii65/sanepid-service.rf/public_html/core/model/modx/modcachemanager.class.php : 514) Error caching script elements/modplugin/2
[2020-12-29 12:52:52] (ERROR @ /home/d/dmarii65/sanepid-service.rf/public_html/core/model/modx/modcachemanager.class.php : 349) Error caching lexicon topic lexicon/ru/clientconfig/default
[2020-12-29 15:38:42] (ERROR @ /home/d/dmarii65/sanepid-service.rf/public_html/core/model/modx/modcachemanager.class.php : 349) Error caching lexicon topic lexicon/ru/core/resource
[2020-12-29 15:38:43] (ERROR in modProcessor::run @ /home/d/dmarii65/sanepid-service.rf/public_html/core/model/modx/modprocessor.class.php : 177) Flat file processor support, used for action mgr/migxdb/getList with path /home/d/dmarii65/sanepid-service.rf/public_html/core/components/migx/processors/mgr/migxdb/getlist.php, is deprecated since version 2.7.0. 
[2020-12-29 15:38:44] (ERROR in modProcessor::run @ /home/d/dmarii65/sanepid-service.rf/public_html/core/model/modx/modprocessor.class.php : 177) Flat file processor support, used for action mgr/migxdb/process with path /home/d/dmarii65/sanepid-service.rf/public_html/core/components/migx/processors/mgr/migxdb/process.php, is deprecated since version 2.7.0. 
[2020-12-29 15:39:36] (ERROR in modProcessor::run @ /home/d/dmarii65/sanepid-service.rf/public_html/core/model/modx/modprocessor.class.php : 177) Flat file processor support, used for action mgr/migxdb/update with path /home/d/dmarii65/sanepid-service.rf/public_html/core/components/migx/processors/mgr/migxdb/update.php, is deprecated since version 2.7.0. 
[2020-12-29 15:39:36] (ERROR @ /home/d/dmarii65/sanepid-service.rf/public_html/core/components/migx/processors/mgr/migxconfigs/update.php : 406) modCacheManager::clearCache is deprecated since version 2.1.0. Use modCacheManager::refresh() instead.
[2020-12-29 15:39:37] (ERROR in modProcessor::run @ /home/d/dmarii65/sanepid-service.rf/public_html/core/model/modx/modprocessor.class.php : 177) Flat file processor support, used for action mgr/migxdb/getList with path /home/d/dmarii65/sanepid-service.rf/public_html/core/components/migx/processors/mgr/migxdb/getlist.php, is deprecated since version 2.7.0. 
[2021-01-03 17:49:52] (ERROR @ /home/d/dmarii65/sanepid-service.rf/public_html/core/model/modx/modcachemanager.class.php : 349) Error caching lexicon topic lexicon/ru/simplesearch/default
[2021-01-03 17:49:52] (ERROR @ /home/d/dmarii65/sanepid-service.rf/public_html/core/model/modx/modcachemanager.class.php : 514) Error caching script elements/modsnippet/20
[2021-01-03 17:49:52] (ERROR @ /home/d/dmarii65/sanepid-service.rf/public_html/core/model/modx/modcachemanager.class.php : 349) Error caching lexicon topic lexicon/en/formit/properties
